CRITICAL - 2024-02-09 20:02:18 --> Error: Class "PhpOffice\PhpSpreadsheet\Spreadsheet" not found
in ROOTPATH\modules\Inspections\Controllers\Inspections.php on line 157.
 1 SYSTEMPATH\CodeIgniter.php(941): Modules\Inspections\Controllers\Inspections->exportToExcel()
 2 SYSTEMPATH\CodeIgniter.php(502): CodeIgniter\CodeIgniter->runController()
 3 SYSTEMPATH\CodeIgniter.php(361): CodeIgniter\CodeIgniter->handleRequest()
 4 FCPATH\index.php(79): CodeIgniter\CodeIgniter->run()
CRITICAL - 2024-02-09 20:10:45 --> Error: Class "PhpOffice\PhpSpreadsheet\Spreadsheet" not found
in ROOTPATH\modules\Excel\Controllers\Excel.php on line 23.
 1 ROOTPATH\modules\Inspections\Controllers\Inspections.php(159): Modules\Excel\Controllers\Excel->exportToExcel()
 2 SYSTEMPATH\CodeIgniter.php(941): Modules\Inspections\Controllers\Inspections->exportToExcel()
 3 SYSTEMPATH\CodeIgniter.php(502): CodeIgniter\CodeIgniter->runController()
 4 SYSTEMPATH\CodeIgniter.php(361): CodeIgniter\CodeIgniter->handleRequest()
 5 FCPATH\index.php(79): CodeIgniter\CodeIgniter->run()
CRITICAL - 2024-02-09 20:20:29 --> TypeError: CodeIgniter\Validation\Validation::run(): Argument #1 ($data) must be of type ?array, string given, called in C:\OSPanel\domains\testfregat2\modules\Inspections\Controllers\Inspections.php on line 174
in SYSTEMPATH\Validation\Validation.php on line 135.
 1 ROOTPATH\modules\Inspections\Controllers\Inspections.php(174): CodeIgniter\Validation\Validation->run()
 2 ROOTPATH\modules\Inspections\Controllers\Inspections.php(223): Modules\Inspections\Controllers\Inspections->validateImport()
 3 SYSTEMPATH\CodeIgniter.php(941): Modules\Inspections\Controllers\Inspections->importFromExcel()
 4 SYSTEMPATH\CodeIgniter.php(502): CodeIgniter\CodeIgniter->runController()
 5 SYSTEMPATH\CodeIgniter.php(361): CodeIgniter\CodeIgniter->handleRequest()
 6 FCPATH\index.php(79): CodeIgniter\CodeIgniter->run()
CRITICAL - 2024-02-09 20:20:43 --> TypeError: CodeIgniter\Validation\Validation::run(): Argument #1 ($data) must be of type ?array, string given, called in C:\OSPanel\domains\testfregat2\modules\Inspections\Controllers\Inspections.php on line 174
in SYSTEMPATH\Validation\Validation.php on line 135.
 1 ROOTPATH\modules\Inspections\Controllers\Inspections.php(174): CodeIgniter\Validation\Validation->run()
 2 ROOTPATH\modules\Inspections\Controllers\Inspections.php(223): Modules\Inspections\Controllers\Inspections->validateImport()
 3 SYSTEMPATH\CodeIgniter.php(941): Modules\Inspections\Controllers\Inspections->importFromExcel()
 4 SYSTEMPATH\CodeIgniter.php(502): CodeIgniter\CodeIgniter->runController()
 5 SYSTEMPATH\CodeIgniter.php(361): CodeIgniter\CodeIgniter->handleRequest()
 6 FCPATH\index.php(79): CodeIgniter\CodeIgniter->run()
CRITICAL - 2024-02-09 20:21:51 --> TypeError: CodeIgniter\Validation\Validation::run(): Argument #1 ($data) must be of type ?array, string given, called in C:\OSPanel\domains\testfregat2\modules\Inspections\Controllers\Inspections.php on line 174
in SYSTEMPATH\Validation\Validation.php on line 135.
 1 ROOTPATH\modules\Inspections\Controllers\Inspections.php(174): CodeIgniter\Validation\Validation->run()
 2 ROOTPATH\modules\Inspections\Controllers\Inspections.php(223): Modules\Inspections\Controllers\Inspections->validateImport()
 3 SYSTEMPATH\CodeIgniter.php(941): Modules\Inspections\Controllers\Inspections->importFromExcel()
 4 SYSTEMPATH\CodeIgniter.php(502): CodeIgniter\CodeIgniter->runController()
 5 SYSTEMPATH\CodeIgniter.php(361): CodeIgniter\CodeIgniter->handleRequest()
 6 FCPATH\index.php(79): CodeIgniter\CodeIgniter->run()
CRITICAL - 2024-02-09 20:26:09 --> TypeError: CodeIgniter\Validation\Validation::run(): Argument #1 ($data) must be of type ?array, string given, called in C:\OSPanel\domains\testfregat2\modules\Inspections\Controllers\Inspections.php on line 174
in SYSTEMPATH\Validation\Validation.php on line 135.
 1 ROOTPATH\modules\Inspections\Controllers\Inspections.php(174): CodeIgniter\Validation\Validation->run()
 2 ROOTPATH\modules\Inspections\Controllers\Inspections.php(223): Modules\Inspections\Controllers\Inspections->validateImport()
 3 SYSTEMPATH\CodeIgniter.php(941): Modules\Inspections\Controllers\Inspections->importFromExcel()
 4 SYSTEMPATH\CodeIgniter.php(502): CodeIgniter\CodeIgniter->runController()
 5 SYSTEMPATH\CodeIgniter.php(361): CodeIgniter\CodeIgniter->handleRequest()
 6 FCPATH\index.php(79): CodeIgniter\CodeIgniter->run()
CRITICAL - 2024-02-09 20:26:24 --> TypeError: CodeIgniter\Validation\Validation::run(): Argument #1 ($data) must be of type ?array, string given, called in C:\OSPanel\domains\testfregat2\modules\Inspections\Controllers\Inspections.php on line 174
in SYSTEMPATH\Validation\Validation.php on line 135.
 1 ROOTPATH\modules\Inspections\Controllers\Inspections.php(174): CodeIgniter\Validation\Validation->run()
 2 ROOTPATH\modules\Inspections\Controllers\Inspections.php(223): Modules\Inspections\Controllers\Inspections->validateImport()
 3 SYSTEMPATH\CodeIgniter.php(941): Modules\Inspections\Controllers\Inspections->importFromExcel()
 4 SYSTEMPATH\CodeIgniter.php(502): CodeIgniter\CodeIgniter->runController()
 5 SYSTEMPATH\CodeIgniter.php(361): CodeIgniter\CodeIgniter->handleRequest()
 6 FCPATH\index.php(79): CodeIgniter\CodeIgniter->run()
CRITICAL - 2024-02-09 20:26:41 --> TypeError: CodeIgniter\Validation\Validation::run(): Argument #1 ($data) must be of type ?array, string given, called in C:\OSPanel\domains\testfregat2\modules\Inspections\Controllers\Inspections.php on line 174
in SYSTEMPATH\Validation\Validation.php on line 135.
 1 ROOTPATH\modules\Inspections\Controllers\Inspections.php(174): CodeIgniter\Validation\Validation->run()
 2 ROOTPATH\modules\Inspections\Controllers\Inspections.php(223): Modules\Inspections\Controllers\Inspections->validateImport()
 3 SYSTEMPATH\CodeIgniter.php(941): Modules\Inspections\Controllers\Inspections->importFromExcel()
 4 SYSTEMPATH\CodeIgniter.php(502): CodeIgniter\CodeIgniter->runController()
 5 SYSTEMPATH\CodeIgniter.php(361): CodeIgniter\CodeIgniter->handleRequest()
 6 FCPATH\index.php(79): CodeIgniter\CodeIgniter->run()
CRITICAL - 2024-02-09 20:27:50 --> TypeError: CodeIgniter\Validation\Validation::run(): Argument #1 ($data) must be of type ?array, string given, called in C:\OSPanel\domains\testfregat2\modules\Inspections\Controllers\Inspections.php on line 174
in SYSTEMPATH\Validation\Validation.php on line 135.
 1 ROOTPATH\modules\Inspections\Controllers\Inspections.php(174): CodeIgniter\Validation\Validation->run()
 2 ROOTPATH\modules\Inspections\Controllers\Inspections.php(223): Modules\Inspections\Controllers\Inspections->validateImport()
 3 SYSTEMPATH\CodeIgniter.php(941): Modules\Inspections\Controllers\Inspections->importFromExcel()
 4 SYSTEMPATH\CodeIgniter.php(502): CodeIgniter\CodeIgniter->runController()
 5 SYSTEMPATH\CodeIgniter.php(361): CodeIgniter\CodeIgniter->handleRequest()
 6 FCPATH\index.php(79): CodeIgniter\CodeIgniter->run()
CRITICAL - 2024-02-09 20:27:55 --> TypeError: CodeIgniter\Validation\Validation::run(): Argument #1 ($data) must be of type ?array, string given, called in C:\OSPanel\domains\testfregat2\modules\Inspections\Controllers\Inspections.php on line 174
in SYSTEMPATH\Validation\Validation.php on line 135.
 1 ROOTPATH\modules\Inspections\Controllers\Inspections.php(174): CodeIgniter\Validation\Validation->run()
 2 ROOTPATH\modules\Inspections\Controllers\Inspections.php(223): Modules\Inspections\Controllers\Inspections->validateImport()
 3 SYSTEMPATH\CodeIgniter.php(941): Modules\Inspections\Controllers\Inspections->importFromExcel()
 4 SYSTEMPATH\CodeIgniter.php(502): CodeIgniter\CodeIgniter->runController()
 5 SYSTEMPATH\CodeIgniter.php(361): CodeIgniter\CodeIgniter->handleRequest()
 6 FCPATH\index.php(79): CodeIgniter\CodeIgniter->run()
CRITICAL - 2024-02-09 20:28:46 --> TypeError: CodeIgniter\Validation\Validation::run(): Argument #1 ($data) must be of type ?array, string given, called in C:\OSPanel\domains\testfregat2\modules\Inspections\Controllers\Inspections.php on line 174
in SYSTEMPATH\Validation\Validation.php on line 135.
 1 ROOTPATH\modules\Inspections\Controllers\Inspections.php(174): CodeIgniter\Validation\Validation->run()
 2 ROOTPATH\modules\Inspections\Controllers\Inspections.php(223): Modules\Inspections\Controllers\Inspections->validateImport()
 3 SYSTEMPATH\CodeIgniter.php(941): Modules\Inspections\Controllers\Inspections->importFromExcel()
 4 SYSTEMPATH\CodeIgniter.php(502): CodeIgniter\CodeIgniter->runController()
 5 SYSTEMPATH\CodeIgniter.php(361): CodeIgniter\CodeIgniter->handleRequest()
 6 FCPATH\index.php(79): CodeIgniter\CodeIgniter->run()
CRITICAL - 2024-02-09 20:30:52 --> TypeError: CodeIgniter\Validation\Validation::run(): Argument #1 ($data) must be of type ?array, string given, called in C:\OSPanel\domains\testfregat2\modules\Inspections\Controllers\Inspections.php on line 174
in SYSTEMPATH\Validation\Validation.php on line 135.
 1 ROOTPATH\modules\Inspections\Controllers\Inspections.php(174): CodeIgniter\Validation\Validation->run()
 2 ROOTPATH\modules\Inspections\Controllers\Inspections.php(223): Modules\Inspections\Controllers\Inspections->validateImport()
 3 SYSTEMPATH\CodeIgniter.php(941): Modules\Inspections\Controllers\Inspections->importFromExcel()
 4 SYSTEMPATH\CodeIgniter.php(502): CodeIgniter\CodeIgniter->runController()
 5 SYSTEMPATH\CodeIgniter.php(361): CodeIgniter\CodeIgniter->handleRequest()
 6 FCPATH\index.php(79): CodeIgniter\CodeIgniter->run()
CRITICAL - 2024-02-09 20:30:58 --> TypeError: CodeIgniter\Validation\Validation::run(): Argument #1 ($data) must be of type ?array, string given, called in C:\OSPanel\domains\testfregat2\modules\Inspections\Controllers\Inspections.php on line 174
in SYSTEMPATH\Validation\Validation.php on line 135.
 1 ROOTPATH\modules\Inspections\Controllers\Inspections.php(174): CodeIgniter\Validation\Validation->run()
 2 ROOTPATH\modules\Inspections\Controllers\Inspections.php(223): Modules\Inspections\Controllers\Inspections->validateImport()
 3 SYSTEMPATH\CodeIgniter.php(941): Modules\Inspections\Controllers\Inspections->importFromExcel()
 4 SYSTEMPATH\CodeIgniter.php(502): CodeIgniter\CodeIgniter->runController()
 5 SYSTEMPATH\CodeIgniter.php(361): CodeIgniter\CodeIgniter->handleRequest()
 6 FCPATH\index.php(79): CodeIgniter\CodeIgniter->run()
CRITICAL - 2024-02-09 20:31:05 --> TypeError: CodeIgniter\Validation\Validation::run(): Argument #1 ($data) must be of type ?array, string given, called in C:\OSPanel\domains\testfregat2\modules\Inspections\Controllers\Inspections.php on line 174
in SYSTEMPATH\Validation\Validation.php on line 135.
 1 ROOTPATH\modules\Inspections\Controllers\Inspections.php(174): CodeIgniter\Validation\Validation->run()
 2 ROOTPATH\modules\Inspections\Controllers\Inspections.php(223): Modules\Inspections\Controllers\Inspections->validateImport()
 3 SYSTEMPATH\CodeIgniter.php(941): Modules\Inspections\Controllers\Inspections->importFromExcel()
 4 SYSTEMPATH\CodeIgniter.php(502): CodeIgniter\CodeIgniter->runController()
 5 SYSTEMPATH\CodeIgniter.php(361): CodeIgniter\CodeIgniter->handleRequest()
 6 FCPATH\index.php(79): CodeIgniter\CodeIgniter->run()
CRITICAL - 2024-02-09 20:31:30 --> TypeError: CodeIgniter\Validation\Validation::run(): Argument #1 ($data) must be of type ?array, string given, called in C:\OSPanel\domains\testfregat2\modules\Inspections\Controllers\Inspections.php on line 174
in SYSTEMPATH\Validation\Validation.php on line 135.
 1 ROOTPATH\modules\Inspections\Controllers\Inspections.php(174): CodeIgniter\Validation\Validation->run()
 2 ROOTPATH\modules\Inspections\Controllers\Inspections.php(223): Modules\Inspections\Controllers\Inspections->validateImport()
 3 SYSTEMPATH\CodeIgniter.php(941): Modules\Inspections\Controllers\Inspections->importFromExcel()
 4 SYSTEMPATH\CodeIgniter.php(502): CodeIgniter\CodeIgniter->runController()
 5 SYSTEMPATH\CodeIgniter.php(361): CodeIgniter\CodeIgniter->handleRequest()
 6 FCPATH\index.php(79): CodeIgniter\CodeIgniter->run()
CRITICAL - 2024-02-09 20:32:56 --> TypeError: CodeIgniter\Validation\Validation::run(): Argument #1 ($data) must be of type ?array, string given, called in C:\OSPanel\domains\testfregat2\modules\Small_business\Controllers\Small_business.php on line 120
in SYSTEMPATH\Validation\Validation.php on line 135.
 1 ROOTPATH\modules\Small_business\Controllers\Small_business.php(120): CodeIgniter\Validation\Validation->run()
 2 ROOTPATH\modules\Inspections\Controllers\Inspections.php(220): Modules\Small_business\Controllers\Small_business->validateImport()
 3 SYSTEMPATH\CodeIgniter.php(941): Modules\Inspections\Controllers\Inspections->importFromExcel()
 4 SYSTEMPATH\CodeIgniter.php(502): CodeIgniter\CodeIgniter->runController()
 5 SYSTEMPATH\CodeIgniter.php(361): CodeIgniter\CodeIgniter->handleRequest()
 6 FCPATH\index.php(79): CodeIgniter\CodeIgniter->run()
ERROR - 2024-02-09 20:45:24 --> ErrorException: pg_query(): Query failed: ОШИБКА:  последнее значение (lastval) ещё не определено в этом сеансе in C:\OSPanel\domains\testfregat2\system\Database\Postgre\Connection.php:187
Stack trace:
#0 [internal function]: CodeIgniter\Debug\Exceptions->errorHandler()
#1 C:\OSPanel\domains\testfregat2\system\Database\Postgre\Connection.php(187): pg_query()
#2 C:\OSPanel\domains\testfregat2\system\Database\BaseConnection.php(693): CodeIgniter\Database\Postgre\Connection->execute()
#3 C:\OSPanel\domains\testfregat2\system\Database\BaseConnection.php(607): CodeIgniter\Database\BaseConnection->simpleQuery()
#4 C:\OSPanel\domains\testfregat2\system\Database\Postgre\Connection.php(480): CodeIgniter\Database\BaseConnection->query()
#5 C:\OSPanel\domains\testfregat2\modules\Inspections\Models\M_Inspections.php(27): CodeIgniter\Database\Postgre\Connection->insertID()
#6 C:\OSPanel\domains\testfregat2\modules\Inspections\Controllers\Inspections.php(222): Modules\Inspections\Models\M_inspections->savedb()
#7 C:\OSPanel\domains\testfregat2\system\CodeIgniter.php(941): Modules\Inspections\Controllers\Inspections->importFromExcel()
#8 C:\OSPanel\domains\testfregat2\system\CodeIgniter.php(502): CodeIgniter\CodeIgniter->runController()
#9 C:\OSPanel\domains\testfregat2\system\CodeIgniter.php(361): CodeIgniter\CodeIgniter->handleRequest()
#10 C:\OSPanel\domains\testfregat2\public\index.php(79): CodeIgniter\CodeIgniter->run()
#11 {main}
CRITICAL - 2024-02-09 20:45:33 --> Error: Call to a member function getRow() on bool
in SYSTEMPATH\Database\Postgre\Connection.php on line 481.
 1 ROOTPATH\modules\Inspections\Models\M_Inspections.php(27): CodeIgniter\Database\Postgre\Connection->insertID()
 2 ROOTPATH\modules\Inspections\Controllers\Inspections.php(222): Modules\Inspections\Models\M_inspections->savedb()
 3 SYSTEMPATH\CodeIgniter.php(941): Modules\Inspections\Controllers\Inspections->importFromExcel()
 4 SYSTEMPATH\CodeIgniter.php(502): CodeIgniter\CodeIgniter->runController()
 5 SYSTEMPATH\CodeIgniter.php(361): CodeIgniter\CodeIgniter->handleRequest()
 6 FCPATH\index.php(79): CodeIgniter\CodeIgniter->run()
ERROR - 2024-02-09 20:55:24 --> ErrorException: pg_query(): Query failed: ОШИБКА:  столбец &quot;uuid&quot; не существует
LINE 1: SELECT uuid FROM inspections ORDER BY create_date DESC LIMIT...
               ^
HINT:  Возможно, предполагалась ссылка на столбец &quot;inspections.id&quot;. in C:\OSPanel\domains\testfregat2\system\Database\Postgre\Connection.php:187
Stack trace:
#0 [internal function]: CodeIgniter\Debug\Exceptions->errorHandler()
#1 C:\OSPanel\domains\testfregat2\system\Database\Postgre\Connection.php(187): pg_query()
#2 C:\OSPanel\domains\testfregat2\system\Database\BaseConnection.php(693): CodeIgniter\Database\Postgre\Connection->execute()
#3 C:\OSPanel\domains\testfregat2\system\Database\BaseConnection.php(607): CodeIgniter\Database\BaseConnection->simpleQuery()
#4 C:\OSPanel\domains\testfregat2\modules\Inspections\Models\M_Inspections.php(27): CodeIgniter\Database\BaseConnection->query()
#5 C:\OSPanel\domains\testfregat2\modules\Inspections\Controllers\Inspections.php(222): Modules\Inspections\Models\M_inspections->savedb()
#6 C:\OSPanel\domains\testfregat2\system\CodeIgniter.php(941): Modules\Inspections\Controllers\Inspections->importFromExcel()
#7 C:\OSPanel\domains\testfregat2\system\CodeIgniter.php(502): CodeIgniter\CodeIgniter->runController()
#8 C:\OSPanel\domains\testfregat2\system\CodeIgniter.php(361): CodeIgniter\CodeIgniter->handleRequest()
#9 C:\OSPanel\domains\testfregat2\public\index.php(79): CodeIgniter\CodeIgniter->run()
#10 {main}
CRITICAL - 2024-02-09 20:55:32 --> Error: Call to a member function getRow() on bool
in ROOTPATH\modules\Inspections\Models\M_Inspections.php on line 28.
 1 ROOTPATH\modules\Inspections\Controllers\Inspections.php(222): Modules\Inspections\Models\M_inspections->savedb()
 2 SYSTEMPATH\CodeIgniter.php(941): Modules\Inspections\Controllers\Inspections->importFromExcel()
 3 SYSTEMPATH\CodeIgniter.php(502): CodeIgniter\CodeIgniter->runController()
 4 SYSTEMPATH\CodeIgniter.php(361): CodeIgniter\CodeIgniter->handleRequest()
 5 FCPATH\index.php(79): CodeIgniter\CodeIgniter->run()
ERROR - 2024-02-09 20:55:40 --> ErrorException: pg_query(): Query failed: ОШИБКА:  столбец &quot;uuid&quot; не существует
LINE 1: SELECT uuid FROM inspections ORDER BY create_date DESC LIMIT...
               ^
HINT:  Возможно, предполагалась ссылка на столбец &quot;inspections.id&quot;. in C:\OSPanel\domains\testfregat2\system\Database\Postgre\Connection.php:187
Stack trace:
#0 [internal function]: CodeIgniter\Debug\Exceptions->errorHandler()
#1 C:\OSPanel\domains\testfregat2\system\Database\Postgre\Connection.php(187): pg_query()
#2 C:\OSPanel\domains\testfregat2\system\Database\BaseConnection.php(693): CodeIgniter\Database\Postgre\Connection->execute()
#3 C:\OSPanel\domains\testfregat2\system\Database\BaseConnection.php(607): CodeIgniter\Database\BaseConnection->simpleQuery()
#4 C:\OSPanel\domains\testfregat2\modules\Inspections\Models\M_Inspections.php(27): CodeIgniter\Database\BaseConnection->query()
#5 C:\OSPanel\domains\testfregat2\modules\Inspections\Controllers\Inspections.php(222): Modules\Inspections\Models\M_inspections->savedb()
#6 C:\OSPanel\domains\testfregat2\system\CodeIgniter.php(941): Modules\Inspections\Controllers\Inspections->importFromExcel()
#7 C:\OSPanel\domains\testfregat2\system\CodeIgniter.php(502): CodeIgniter\CodeIgniter->runController()
#8 C:\OSPanel\domains\testfregat2\system\CodeIgniter.php(361): CodeIgniter\CodeIgniter->handleRequest()
#9 C:\OSPanel\domains\testfregat2\public\index.php(79): CodeIgniter\CodeIgniter->run()
#10 {main}
CRITICAL - 2024-02-09 20:55:45 --> Error: Call to a member function getRow() on bool
in ROOTPATH\modules\Inspections\Models\M_Inspections.php on line 28.
 1 ROOTPATH\modules\Inspections\Controllers\Inspections.php(222): Modules\Inspections\Models\M_inspections->savedb()
 2 SYSTEMPATH\CodeIgniter.php(941): Modules\Inspections\Controllers\Inspections->importFromExcel()
 3 SYSTEMPATH\CodeIgniter.php(502): CodeIgniter\CodeIgniter->runController()
 4 SYSTEMPATH\CodeIgniter.php(361): CodeIgniter\CodeIgniter->handleRequest()
 5 FCPATH\index.php(79): CodeIgniter\CodeIgniter->run()
ERROR - 2024-02-09 20:55:54 --> ErrorException: pg_query(): Query failed: ОШИБКА:  столбец &quot;uuid&quot; не существует
LINE 1: SELECT uuid FROM inspections ORDER BY create_date DESC LIMIT...
               ^
HINT:  Возможно, предполагалась ссылка на столбец &quot;inspections.id&quot;. in C:\OSPanel\domains\testfregat2\system\Database\Postgre\Connection.php:187
Stack trace:
#0 [internal function]: CodeIgniter\Debug\Exceptions->errorHandler()
#1 C:\OSPanel\domains\testfregat2\system\Database\Postgre\Connection.php(187): pg_query()
#2 C:\OSPanel\domains\testfregat2\system\Database\BaseConnection.php(693): CodeIgniter\Database\Postgre\Connection->execute()
#3 C:\OSPanel\domains\testfregat2\system\Database\BaseConnection.php(607): CodeIgniter\Database\BaseConnection->simpleQuery()
#4 C:\OSPanel\domains\testfregat2\modules\Inspections\Models\M_Inspections.php(27): CodeIgniter\Database\BaseConnection->query()
#5 C:\OSPanel\domains\testfregat2\modules\Inspections\Controllers\Inspections.php(222): Modules\Inspections\Models\M_inspections->savedb()
#6 C:\OSPanel\domains\testfregat2\system\CodeIgniter.php(941): Modules\Inspections\Controllers\Inspections->importFromExcel()
#7 C:\OSPanel\domains\testfregat2\system\CodeIgniter.php(502): CodeIgniter\CodeIgniter->runController()
#8 C:\OSPanel\domains\testfregat2\system\CodeIgniter.php(361): CodeIgniter\CodeIgniter->handleRequest()
#9 C:\OSPanel\domains\testfregat2\public\index.php(79): CodeIgniter\CodeIgniter->run()
#10 {main}
CRITICAL - 2024-02-09 20:58:57 --> Error: Call to a member function getRow() on bool
in ROOTPATH\modules\Inspections\Models\M_Inspections.php on line 28.
 1 ROOTPATH\modules\Inspections\Controllers\Inspections.php(222): Modules\Inspections\Models\M_inspections->savedb()
 2 SYSTEMPATH\CodeIgniter.php(941): Modules\Inspections\Controllers\Inspections->importFromExcel()
 3 SYSTEMPATH\CodeIgniter.php(502): CodeIgniter\CodeIgniter->runController()
 4 SYSTEMPATH\CodeIgniter.php(361): CodeIgniter\CodeIgniter->handleRequest()
 5 FCPATH\index.php(79): CodeIgniter\CodeIgniter->run()
ERROR - 2024-02-09 20:59:06 --> ErrorException: pg_query(): Query failed: ОШИБКА:  столбец &quot;uuid&quot; не существует
LINE 1: SELECT &quot;uuid&quot;
               ^
HINT:  Возможно, предполагалась ссылка на столбец &quot;inspections.id&quot;. in C:\OSPanel\domains\testfregat2\system\Database\Postgre\Connection.php:187
Stack trace:
#0 [internal function]: CodeIgniter\Debug\Exceptions->errorHandler()
#1 C:\OSPanel\domains\testfregat2\system\Database\Postgre\Connection.php(187): pg_query()
#2 C:\OSPanel\domains\testfregat2\system\Database\BaseConnection.php(693): CodeIgniter\Database\Postgre\Connection->execute()
#3 C:\OSPanel\domains\testfregat2\system\Database\BaseConnection.php(607): CodeIgniter\Database\BaseConnection->simpleQuery()
#4 C:\OSPanel\domains\testfregat2\system\Database\BaseBuilder.php(1616): CodeIgniter\Database\BaseConnection->query()
#5 C:\OSPanel\domains\testfregat2\modules\Inspections\Models\M_Inspections.php(30): CodeIgniter\Database\BaseBuilder->get()
#6 C:\OSPanel\domains\testfregat2\modules\Inspections\Controllers\Inspections.php(222): Modules\Inspections\Models\M_inspections->savedb()
#7 C:\OSPanel\domains\testfregat2\system\CodeIgniter.php(941): Modules\Inspections\Controllers\Inspections->importFromExcel()
#8 C:\OSPanel\domains\testfregat2\system\CodeIgniter.php(502): CodeIgniter\CodeIgniter->runController()
#9 C:\OSPanel\domains\testfregat2\system\CodeIgniter.php(361): CodeIgniter\CodeIgniter->handleRequest()
#10 C:\OSPanel\domains\testfregat2\public\index.php(79): CodeIgniter\CodeIgniter->run()
#11 {main}
CRITICAL - 2024-02-09 20:59:09 --> Error: Call to a member function getResult() on bool
in ROOTPATH\modules\Inspections\Models\M_Inspections.php on line 31.
 1 ROOTPATH\modules\Inspections\Controllers\Inspections.php(222): Modules\Inspections\Models\M_inspections->savedb()
 2 SYSTEMPATH\CodeIgniter.php(941): Modules\Inspections\Controllers\Inspections->importFromExcel()
 3 SYSTEMPATH\CodeIgniter.php(502): CodeIgniter\CodeIgniter->runController()
 4 SYSTEMPATH\CodeIgniter.php(361): CodeIgniter\CodeIgniter->handleRequest()
 5 FCPATH\index.php(79): CodeIgniter\CodeIgniter->run()
ERROR - 2024-02-09 20:59:16 --> ErrorException: pg_query(): Query failed: ОШИБКА:  столбец &quot;uuid&quot; не существует
LINE 1: SELECT &quot;uuid&quot;
               ^
HINT:  Возможно, предполагалась ссылка на столбец &quot;inspections.id&quot;. in C:\OSPanel\domains\testfregat2\system\Database\Postgre\Connection.php:187
Stack trace:
#0 [internal function]: CodeIgniter\Debug\Exceptions->errorHandler()
#1 C:\OSPanel\domains\testfregat2\system\Database\Postgre\Connection.php(187): pg_query()
#2 C:\OSPanel\domains\testfregat2\system\Database\BaseConnection.php(693): CodeIgniter\Database\Postgre\Connection->execute()
#3 C:\OSPanel\domains\testfregat2\system\Database\BaseConnection.php(607): CodeIgniter\Database\BaseConnection->simpleQuery()
#4 C:\OSPanel\domains\testfregat2\system\Database\BaseBuilder.php(1616): CodeIgniter\Database\BaseConnection->query()
#5 C:\OSPanel\domains\testfregat2\modules\Inspections\Models\M_Inspections.php(30): CodeIgniter\Database\BaseBuilder->get()
#6 C:\OSPanel\domains\testfregat2\modules\Inspections\Controllers\Inspections.php(222): Modules\Inspections\Models\M_inspections->savedb()
#7 C:\OSPanel\domains\testfregat2\system\CodeIgniter.php(941): Modules\Inspections\Controllers\Inspections->importFromExcel()
#8 C:\OSPanel\domains\testfregat2\system\CodeIgniter.php(502): CodeIgniter\CodeIgniter->runController()
#9 C:\OSPanel\domains\testfregat2\system\CodeIgniter.php(361): CodeIgniter\CodeIgniter->handleRequest()
#10 C:\OSPanel\domains\testfregat2\public\index.php(79): CodeIgniter\CodeIgniter->run()
#11 {main}
CRITICAL - 2024-02-09 20:59:52 --> Error: Call to a member function getResult() on bool
in ROOTPATH\modules\Inspections\Models\M_Inspections.php on line 31.
 1 ROOTPATH\modules\Inspections\Controllers\Inspections.php(222): Modules\Inspections\Models\M_inspections->savedb()
 2 SYSTEMPATH\CodeIgniter.php(941): Modules\Inspections\Controllers\Inspections->importFromExcel()
 3 SYSTEMPATH\CodeIgniter.php(502): CodeIgniter\CodeIgniter->runController()
 4 SYSTEMPATH\CodeIgniter.php(361): CodeIgniter\CodeIgniter->handleRequest()
 5 FCPATH\index.php(79): CodeIgniter\CodeIgniter->run()
ERROR - 2024-02-09 21:01:24 --> ErrorException: pg_query(): Query failed: ОШИБКА:  столбец &quot;uuid&quot; не существует
LINE 1: SELECT &quot;uuid&quot;
               ^
HINT:  Возможно, предполагалась ссылка на столбец &quot;inspections.id&quot;. in C:\OSPanel\domains\testfregat2\system\Database\Postgre\Connection.php:187
Stack trace:
#0 [internal function]: CodeIgniter\Debug\Exceptions->errorHandler()
#1 C:\OSPanel\domains\testfregat2\system\Database\Postgre\Connection.php(187): pg_query()
#2 C:\OSPanel\domains\testfregat2\system\Database\BaseConnection.php(693): CodeIgniter\Database\Postgre\Connection->execute()
#3 C:\OSPanel\domains\testfregat2\system\Database\BaseConnection.php(607): CodeIgniter\Database\BaseConnection->simpleQuery()
#4 C:\OSPanel\domains\testfregat2\system\Database\BaseBuilder.php(1616): CodeIgniter\Database\BaseConnection->query()
#5 C:\OSPanel\domains\testfregat2\modules\Inspections\Models\M_Inspections.php(31): CodeIgniter\Database\BaseBuilder->get()
#6 C:\OSPanel\domains\testfregat2\modules\Inspections\Controllers\Inspections.php(222): Modules\Inspections\Models\M_inspections->savedb()
#7 C:\OSPanel\domains\testfregat2\system\CodeIgniter.php(941): Modules\Inspections\Controllers\Inspections->importFromExcel()
#8 C:\OSPanel\domains\testfregat2\system\CodeIgniter.php(502): CodeIgniter\CodeIgniter->runController()
#9 C:\OSPanel\domains\testfregat2\system\CodeIgniter.php(361): CodeIgniter\CodeIgniter->handleRequest()
#10 C:\OSPanel\domains\testfregat2\public\index.php(79): CodeIgniter\CodeIgniter->run()
#11 {main}
CRITICAL - 2024-02-09 21:01:24 --> Error: Call to a member function getRow() on bool
in ROOTPATH\modules\Inspections\Models\M_Inspections.php on line 32.
 1 ROOTPATH\modules\Inspections\Controllers\Inspections.php(222): Modules\Inspections\Models\M_inspections->savedb()
 2 SYSTEMPATH\CodeIgniter.php(941): Modules\Inspections\Controllers\Inspections->importFromExcel()
 3 SYSTEMPATH\CodeIgniter.php(502): CodeIgniter\CodeIgniter->runController()
 4 SYSTEMPATH\CodeIgniter.php(361): CodeIgniter\CodeIgniter->handleRequest()
 5 FCPATH\index.php(79): CodeIgniter\CodeIgniter->run()
ERROR - 2024-02-09 21:02:22 --> ErrorException: pg_query(): Query failed: ОШИБКА:  столбец &quot;uuid&quot; не существует
LINE 1: SELECT &quot;uuid&quot;
               ^
HINT:  Возможно, предполагалась ссылка на столбец &quot;inspections.id&quot;. in C:\OSPanel\domains\testfregat2\system\Database\Postgre\Connection.php:187
Stack trace:
#0 [internal function]: CodeIgniter\Debug\Exceptions->errorHandler()
#1 C:\OSPanel\domains\testfregat2\system\Database\Postgre\Connection.php(187): pg_query()
#2 C:\OSPanel\domains\testfregat2\system\Database\BaseConnection.php(693): CodeIgniter\Database\Postgre\Connection->execute()
#3 C:\OSPanel\domains\testfregat2\system\Database\BaseConnection.php(607): CodeIgniter\Database\BaseConnection->simpleQuery()
#4 C:\OSPanel\domains\testfregat2\system\Database\BaseBuilder.php(1616): CodeIgniter\Database\BaseConnection->query()
#5 C:\OSPanel\domains\testfregat2\modules\Inspections\Models\M_Inspections.php(31): CodeIgniter\Database\BaseBuilder->get()
#6 C:\OSPanel\domains\testfregat2\modules\Inspections\Controllers\Inspections.php(222): Modules\Inspections\Models\M_inspections->savedb()
#7 C:\OSPanel\domains\testfregat2\system\CodeIgniter.php(941): Modules\Inspections\Controllers\Inspections->importFromExcel()
#8 C:\OSPanel\domains\testfregat2\system\CodeIgniter.php(502): CodeIgniter\CodeIgniter->runController()
#9 C:\OSPanel\domains\testfregat2\system\CodeIgniter.php(361): CodeIgniter\CodeIgniter->handleRequest()
#10 C:\OSPanel\domains\testfregat2\public\index.php(79): CodeIgniter\CodeIgniter->run()
#11 {main}
CRITICAL - 2024-02-09 21:02:42 --> Error: Call to a member function getRow() on bool
in ROOTPATH\modules\Inspections\Models\M_Inspections.php on line 32.
 1 ROOTPATH\modules\Inspections\Controllers\Inspections.php(222): Modules\Inspections\Models\M_inspections->savedb()
 2 SYSTEMPATH\CodeIgniter.php(941): Modules\Inspections\Controllers\Inspections->importFromExcel()
 3 SYSTEMPATH\CodeIgniter.php(502): CodeIgniter\CodeIgniter->runController()
 4 SYSTEMPATH\CodeIgniter.php(361): CodeIgniter\CodeIgniter->handleRequest()
 5 FCPATH\index.php(79): CodeIgniter\CodeIgniter->run()
ERROR - 2024-02-09 21:02:48 --> ErrorException: pg_query(): Query failed: ОШИБКА:  столбец &quot;uuid&quot; не существует
LINE 1: SELECT &quot;uuid&quot;
               ^
HINT:  Возможно, предполагалась ссылка на столбец &quot;inspections.id&quot;. in C:\OSPanel\domains\testfregat2\system\Database\Postgre\Connection.php:187
Stack trace:
#0 [internal function]: CodeIgniter\Debug\Exceptions->errorHandler()
#1 C:\OSPanel\domains\testfregat2\system\Database\Postgre\Connection.php(187): pg_query()
#2 C:\OSPanel\domains\testfregat2\system\Database\BaseConnection.php(693): CodeIgniter\Database\Postgre\Connection->execute()
#3 C:\OSPanel\domains\testfregat2\system\Database\BaseConnection.php(607): CodeIgniter\Database\BaseConnection->simpleQuery()
#4 C:\OSPanel\domains\testfregat2\system\Database\BaseBuilder.php(1616): CodeIgniter\Database\BaseConnection->query()
#5 C:\OSPanel\domains\testfregat2\modules\Inspections\Models\M_Inspections.php(31): CodeIgniter\Database\BaseBuilder->get()
#6 C:\OSPanel\domains\testfregat2\modules\Inspections\Controllers\Inspections.php(222): Modules\Inspections\Models\M_inspections->savedb()
#7 C:\OSPanel\domains\testfregat2\system\CodeIgniter.php(941): Modules\Inspections\Controllers\Inspections->importFromExcel()
#8 C:\OSPanel\domains\testfregat2\system\CodeIgniter.php(502): CodeIgniter\CodeIgniter->runController()
#9 C:\OSPanel\domains\testfregat2\system\CodeIgniter.php(361): CodeIgniter\CodeIgniter->handleRequest()
#10 C:\OSPanel\domains\testfregat2\public\index.php(79): CodeIgniter\CodeIgniter->run()
#11 {main}
CRITICAL - 2024-02-09 21:02:48 --> Error: Call to a member function getRow() on bool
in ROOTPATH\modules\Inspections\Models\M_Inspections.php on line 32.
 1 ROOTPATH\modules\Inspections\Controllers\Inspections.php(222): Modules\Inspections\Models\M_inspections->savedb()
 2 SYSTEMPATH\CodeIgniter.php(941): Modules\Inspections\Controllers\Inspections->importFromExcel()
 3 SYSTEMPATH\CodeIgniter.php(502): CodeIgniter\CodeIgniter->runController()
 4 SYSTEMPATH\CodeIgniter.php(361): CodeIgniter\CodeIgniter->handleRequest()
 5 FCPATH\index.php(79): CodeIgniter\CodeIgniter->run()
ERROR - 2024-02-09 21:03:04 --> ErrorException: pg_query(): Query failed: ОШИБКА:  столбец &quot;uuid&quot; не существует
LINE 1: SELECT &quot;uuid&quot;
               ^
HINT:  Возможно, предполагалась ссылка на столбец &quot;inspections.id&quot;. in C:\OSPanel\domains\testfregat2\system\Database\Postgre\Connection.php:187
Stack trace:
#0 [internal function]: CodeIgniter\Debug\Exceptions->errorHandler()
#1 C:\OSPanel\domains\testfregat2\system\Database\Postgre\Connection.php(187): pg_query()
#2 C:\OSPanel\domains\testfregat2\system\Database\BaseConnection.php(693): CodeIgniter\Database\Postgre\Connection->execute()
#3 C:\OSPanel\domains\testfregat2\system\Database\BaseConnection.php(607): CodeIgniter\Database\BaseConnection->simpleQuery()
#4 C:\OSPanel\domains\testfregat2\system\Database\BaseBuilder.php(1616): CodeIgniter\Database\BaseConnection->query()
#5 C:\OSPanel\domains\testfregat2\modules\Inspections\Models\M_Inspections.php(31): CodeIgniter\Database\BaseBuilder->get()
#6 C:\OSPanel\domains\testfregat2\modules\Inspections\Controllers\Inspections.php(222): Modules\Inspections\Models\M_inspections->savedb()
#7 C:\OSPanel\domains\testfregat2\system\CodeIgniter.php(941): Modules\Inspections\Controllers\Inspections->importFromExcel()
#8 C:\OSPanel\domains\testfregat2\system\CodeIgniter.php(502): CodeIgniter\CodeIgniter->runController()
#9 C:\OSPanel\domains\testfregat2\system\CodeIgniter.php(361): CodeIgniter\CodeIgniter->handleRequest()
#10 C:\OSPanel\domains\testfregat2\public\index.php(79): CodeIgniter\CodeIgniter->run()
#11 {main}
CRITICAL - 2024-02-09 21:03:37 --> Error: Call to a member function getRow() on bool
in ROOTPATH\modules\Inspections\Models\M_Inspections.php on line 32.
 1 ROOTPATH\modules\Inspections\Controllers\Inspections.php(222): Modules\Inspections\Models\M_inspections->savedb()
 2 SYSTEMPATH\CodeIgniter.php(941): Modules\Inspections\Controllers\Inspections->importFromExcel()
 3 SYSTEMPATH\CodeIgniter.php(502): CodeIgniter\CodeIgniter->runController()
 4 SYSTEMPATH\CodeIgniter.php(361): CodeIgniter\CodeIgniter->handleRequest()
 5 FCPATH\index.php(79): CodeIgniter\CodeIgniter->run()
CRITICAL - 2024-02-09 21:03:50 --> ErrorException: Undefined property: stdClass::$uuid
in ROOTPATH\modules\Inspections\Models\M_Inspections.php on line 34.
 1 ROOTPATH\modules\Inspections\Models\M_Inspections.php(34): CodeIgniter\Debug\Exceptions->errorHandler()
 2 ROOTPATH\modules\Inspections\Controllers\Inspections.php(222): Modules\Inspections\Models\M_inspections->savedb()
 3 SYSTEMPATH\CodeIgniter.php(941): Modules\Inspections\Controllers\Inspections->importFromExcel()
 4 SYSTEMPATH\CodeIgniter.php(502): CodeIgniter\CodeIgniter->runController()
 5 SYSTEMPATH\CodeIgniter.php(361): CodeIgniter\CodeIgniter->handleRequest()
 6 FCPATH\index.php(79): CodeIgniter\CodeIgniter->run()
CRITICAL - 2024-02-09 21:04:06 --> ErrorException: Undefined property: stdClass::$uuid
in ROOTPATH\modules\Inspections\Models\M_Inspections.php on line 34.
 1 ROOTPATH\modules\Inspections\Models\M_Inspections.php(34): CodeIgniter\Debug\Exceptions->errorHandler()
 2 ROOTPATH\modules\Inspections\Controllers\Inspections.php(222): Modules\Inspections\Models\M_inspections->savedb()
 3 SYSTEMPATH\CodeIgniter.php(941): Modules\Inspections\Controllers\Inspections->importFromExcel()
 4 SYSTEMPATH\CodeIgniter.php(502): CodeIgniter\CodeIgniter->runController()
 5 SYSTEMPATH\CodeIgniter.php(361): CodeIgniter\CodeIgniter->handleRequest()
 6 FCPATH\index.php(79): CodeIgniter\CodeIgniter->run()
ERROR - 2024-02-09 21:04:12 --> ErrorException: pg_query(): Query failed: ОШИБКА:  столбец &quot;user_id&quot; в таблице &quot;link_inspections_smallbusines&quot; не существует
LINE 1: INSERT INTO &quot;link_inspections_smallbusines&quot; (&quot;user_id&quot;, &quot;pla...
                                                     ^ in C:\OSPanel\domains\testfregat2\system\Database\Postgre\Connection.php:187
Stack trace:
#0 [internal function]: CodeIgniter\Debug\Exceptions->errorHandler()
#1 C:\OSPanel\domains\testfregat2\system\Database\Postgre\Connection.php(187): pg_query()
#2 C:\OSPanel\domains\testfregat2\system\Database\BaseConnection.php(693): CodeIgniter\Database\Postgre\Connection->execute()
#3 C:\OSPanel\domains\testfregat2\system\Database\BaseConnection.php(607): CodeIgniter\Database\BaseConnection->simpleQuery()
#4 C:\OSPanel\domains\testfregat2\system\Database\BaseBuilder.php(2307): CodeIgniter\Database\BaseConnection->query()
#5 C:\OSPanel\domains\testfregat2\modules\Inspections\Models\M_link_smallbusiness.php(26): CodeIgniter\Database\BaseBuilder->insert()
#6 C:\OSPanel\domains\testfregat2\modules\Inspections\Controllers\Inspections.php(228): Modules\Inspections\Models\M_link_smallbusiness->savedb()
#7 C:\OSPanel\domains\testfregat2\system\CodeIgniter.php(941): Modules\Inspections\Controllers\Inspections->importFromExcel()
#8 C:\OSPanel\domains\testfregat2\system\CodeIgniter.php(502): CodeIgniter\CodeIgniter->runController()
#9 C:\OSPanel\domains\testfregat2\system\CodeIgniter.php(361): CodeIgniter\CodeIgniter->handleRequest()
#10 C:\OSPanel\domains\testfregat2\public\index.php(79): CodeIgniter\CodeIgniter->run()
#11 {main}
ERROR - 2024-02-09 21:05:10 --> ErrorException: pg_query(): Query failed: ОШИБКА:  столбец &quot;user_id&quot; в таблице &quot;link_inspections_smallbusines&quot; не существует
LINE 1: INSERT INTO &quot;link_inspections_smallbusines&quot; (&quot;user_id&quot;, &quot;pla...
                                                     ^ in C:\OSPanel\domains\testfregat2\system\Database\Postgre\Connection.php:187
Stack trace:
#0 [internal function]: CodeIgniter\Debug\Exceptions->errorHandler()
#1 C:\OSPanel\domains\testfregat2\system\Database\Postgre\Connection.php(187): pg_query()
#2 C:\OSPanel\domains\testfregat2\system\Database\BaseConnection.php(693): CodeIgniter\Database\Postgre\Connection->execute()
#3 C:\OSPanel\domains\testfregat2\system\Database\BaseConnection.php(607): CodeIgniter\Database\BaseConnection->simpleQuery()
#4 C:\OSPanel\domains\testfregat2\system\Database\BaseBuilder.php(2307): CodeIgniter\Database\BaseConnection->query()
#5 C:\OSPanel\domains\testfregat2\modules\Inspections\Models\M_link_smallbusiness.php(26): CodeIgniter\Database\BaseBuilder->insert()
#6 C:\OSPanel\domains\testfregat2\modules\Inspections\Controllers\Inspections.php(228): Modules\Inspections\Models\M_link_smallbusiness->savedb()
#7 C:\OSPanel\domains\testfregat2\system\CodeIgniter.php(941): Modules\Inspections\Controllers\Inspections->importFromExcel()
#8 C:\OSPanel\domains\testfregat2\system\CodeIgniter.php(502): CodeIgniter\CodeIgniter->runController()
#9 C:\OSPanel\domains\testfregat2\system\CodeIgniter.php(361): CodeIgniter\CodeIgniter->handleRequest()
#10 C:\OSPanel\domains\testfregat2\public\index.php(79): CodeIgniter\CodeIgniter->run()
#11 {main}
ERROR - 2024-02-09 21:06:08 --> ErrorException: pg_query(): Query failed: ОШИБКА:  столбец &quot;user_id&quot; в таблице &quot;link_inspections_smallbusines&quot; не существует
LINE 1: INSERT INTO &quot;link_inspections_smallbusines&quot; (&quot;user_id&quot;, &quot;pla...
                                                     ^ in C:\OSPanel\domains\testfregat2\system\Database\Postgre\Connection.php:187
Stack trace:
#0 [internal function]: CodeIgniter\Debug\Exceptions->errorHandler()
#1 C:\OSPanel\domains\testfregat2\system\Database\Postgre\Connection.php(187): pg_query()
#2 C:\OSPanel\domains\testfregat2\system\Database\BaseConnection.php(693): CodeIgniter\Database\Postgre\Connection->execute()
#3 C:\OSPanel\domains\testfregat2\system\Database\BaseConnection.php(607): CodeIgniter\Database\BaseConnection->simpleQuery()
#4 C:\OSPanel\domains\testfregat2\system\Database\BaseBuilder.php(2307): CodeIgniter\Database\BaseConnection->query()
#5 C:\OSPanel\domains\testfregat2\modules\Inspections\Models\M_link_smallbusiness.php(26): CodeIgniter\Database\BaseBuilder->insert()
#6 C:\OSPanel\domains\testfregat2\modules\Inspections\Controllers\Inspections.php(228): Modules\Inspections\Models\M_link_smallbusiness->savedb()
#7 C:\OSPanel\domains\testfregat2\system\CodeIgniter.php(941): Modules\Inspections\Controllers\Inspections->importFromExcel()
#8 C:\OSPanel\domains\testfregat2\system\CodeIgniter.php(502): CodeIgniter\CodeIgniter->runController()
#9 C:\OSPanel\domains\testfregat2\system\CodeIgniter.php(361): CodeIgniter\CodeIgniter->handleRequest()
#10 C:\OSPanel\domains\testfregat2\public\index.php(79): CodeIgniter\CodeIgniter->run()
#11 {main}
ERROR - 2024-02-09 21:07:59 --> ErrorException: pg_query(): Query failed: ОШИБКА:  столбец &quot;user_id&quot; в таблице &quot;link_inspections_smallbusines&quot; не существует
LINE 1: INSERT INTO &quot;link_inspections_smallbusines&quot; (&quot;user_id&quot;, &quot;pla...
                                                     ^ in C:\OSPanel\domains\testfregat2\system\Database\Postgre\Connection.php:187
Stack trace:
#0 [internal function]: CodeIgniter\Debug\Exceptions->errorHandler()
#1 C:\OSPanel\domains\testfregat2\system\Database\Postgre\Connection.php(187): pg_query()
#2 C:\OSPanel\domains\testfregat2\system\Database\BaseConnection.php(693): CodeIgniter\Database\Postgre\Connection->execute()
#3 C:\OSPanel\domains\testfregat2\system\Database\BaseConnection.php(607): CodeIgniter\Database\BaseConnection->simpleQuery()
#4 C:\OSPanel\domains\testfregat2\system\Database\BaseBuilder.php(2307): CodeIgniter\Database\BaseConnection->query()
#5 C:\OSPanel\domains\testfregat2\modules\Inspections\Models\M_link_smallbusiness.php(26): CodeIgniter\Database\BaseBuilder->insert()
#6 C:\OSPanel\domains\testfregat2\modules\Inspections\Controllers\Inspections.php(228): Modules\Inspections\Models\M_link_smallbusiness->savedb()
#7 C:\OSPanel\domains\testfregat2\system\CodeIgniter.php(941): Modules\Inspections\Controllers\Inspections->importFromExcel()
#8 C:\OSPanel\domains\testfregat2\system\CodeIgniter.php(502): CodeIgniter\CodeIgniter->runController()
#9 C:\OSPanel\domains\testfregat2\system\CodeIgniter.php(361): CodeIgniter\CodeIgniter->handleRequest()
#10 C:\OSPanel\domains\testfregat2\public\index.php(79): CodeIgniter\CodeIgniter->run()
#11 {main}
ERROR - 2024-02-09 21:08:37 --> ErrorException: pg_query(): Query failed: ОШИБКА:  столбец &quot;user_id&quot; в таблице &quot;link_inspections_smallbusines&quot; не существует
LINE 1: INSERT INTO &quot;link_inspections_smallbusines&quot; (&quot;user_id&quot;, &quot;pla...
                                                     ^ in C:\OSPanel\domains\testfregat2\system\Database\Postgre\Connection.php:187
Stack trace:
#0 [internal function]: CodeIgniter\Debug\Exceptions->errorHandler()
#1 C:\OSPanel\domains\testfregat2\system\Database\Postgre\Connection.php(187): pg_query()
#2 C:\OSPanel\domains\testfregat2\system\Database\BaseConnection.php(693): CodeIgniter\Database\Postgre\Connection->execute()
#3 C:\OSPanel\domains\testfregat2\system\Database\BaseConnection.php(607): CodeIgniter\Database\BaseConnection->simpleQuery()
#4 C:\OSPanel\domains\testfregat2\system\Database\BaseBuilder.php(2307): CodeIgniter\Database\BaseConnection->query()
#5 C:\OSPanel\domains\testfregat2\modules\Inspections\Models\M_link_smallbusiness.php(26): CodeIgniter\Database\BaseBuilder->insert()
#6 C:\OSPanel\domains\testfregat2\modules\Inspections\Controllers\Inspections.php(228): Modules\Inspections\Models\M_link_smallbusiness->savedb()
#7 C:\OSPanel\domains\testfregat2\system\CodeIgniter.php(941): Modules\Inspections\Controllers\Inspections->importFromExcel()
#8 C:\OSPanel\domains\testfregat2\system\CodeIgniter.php(502): CodeIgniter\CodeIgniter->runController()
#9 C:\OSPanel\domains\testfregat2\system\CodeIgniter.php(361): CodeIgniter\CodeIgniter->handleRequest()
#10 C:\OSPanel\domains\testfregat2\public\index.php(79): CodeIgniter\CodeIgniter->run()
#11 {main}
ERROR - 2024-02-09 21:08:44 --> ErrorException: pg_query(): Query failed: ОШИБКА:  столбец &quot;user_id&quot; в таблице &quot;link_inspections_smallbusines&quot; не существует
LINE 1: INSERT INTO &quot;link_inspections_smallbusines&quot; (&quot;user_id&quot;, &quot;pla...
                                                     ^ in C:\OSPanel\domains\testfregat2\system\Database\Postgre\Connection.php:187
Stack trace:
#0 [internal function]: CodeIgniter\Debug\Exceptions->errorHandler()
#1 C:\OSPanel\domains\testfregat2\system\Database\Postgre\Connection.php(187): pg_query()
#2 C:\OSPanel\domains\testfregat2\system\Database\BaseConnection.php(693): CodeIgniter\Database\Postgre\Connection->execute()
#3 C:\OSPanel\domains\testfregat2\system\Database\BaseConnection.php(607): CodeIgniter\Database\BaseConnection->simpleQuery()
#4 C:\OSPanel\domains\testfregat2\system\Database\BaseBuilder.php(2307): CodeIgniter\Database\BaseConnection->query()
#5 C:\OSPanel\domains\testfregat2\modules\Inspections\Models\M_link_smallbusiness.php(26): CodeIgniter\Database\BaseBuilder->insert()
#6 C:\OSPanel\domains\testfregat2\modules\Inspections\Controllers\Inspections.php(228): Modules\Inspections\Models\M_link_smallbusiness->savedb()
#7 C:\OSPanel\domains\testfregat2\system\CodeIgniter.php(941): Modules\Inspections\Controllers\Inspections->importFromExcel()
#8 C:\OSPanel\domains\testfregat2\system\CodeIgniter.php(502): CodeIgniter\CodeIgniter->runController()
#9 C:\OSPanel\domains\testfregat2\system\CodeIgniter.php(361): CodeIgniter\CodeIgniter->handleRequest()
#10 C:\OSPanel\domains\testfregat2\public\index.php(79): CodeIgniter\CodeIgniter->run()
#11 {main}
ERROR - 2024-02-09 21:09:34 --> ErrorException: pg_query(): Query failed: ОШИБКА:  столбец &quot;user_id&quot; в таблице &quot;link_inspections_smallbusines&quot; не существует
LINE 1: INSERT INTO &quot;link_inspections_smallbusines&quot; (&quot;user_id&quot;, &quot;pla...
                                                     ^ in C:\OSPanel\domains\testfregat2\system\Database\Postgre\Connection.php:187
Stack trace:
#0 [internal function]: CodeIgniter\Debug\Exceptions->errorHandler()
#1 C:\OSPanel\domains\testfregat2\system\Database\Postgre\Connection.php(187): pg_query()
#2 C:\OSPanel\domains\testfregat2\system\Database\BaseConnection.php(693): CodeIgniter\Database\Postgre\Connection->execute()
#3 C:\OSPanel\domains\testfregat2\system\Database\BaseConnection.php(607): CodeIgniter\Database\BaseConnection->simpleQuery()
#4 C:\OSPanel\domains\testfregat2\system\Database\BaseBuilder.php(2307): CodeIgniter\Database\BaseConnection->query()
#5 C:\OSPanel\domains\testfregat2\modules\Inspections\Models\M_link_smallbusiness.php(26): CodeIgniter\Database\BaseBuilder->insert()
#6 C:\OSPanel\domains\testfregat2\modules\Inspections\Controllers\Inspections.php(227): Modules\Inspections\Models\M_link_smallbusiness->savedb()
#7 C:\OSPanel\domains\testfregat2\system\CodeIgniter.php(941): Modules\Inspections\Controllers\Inspections->importFromExcel()
#8 C:\OSPanel\domains\testfregat2\system\CodeIgniter.php(502): CodeIgniter\CodeIgniter->runController()
#9 C:\OSPanel\domains\testfregat2\system\CodeIgniter.php(361): CodeIgniter\CodeIgniter->handleRequest()
#10 C:\OSPanel\domains\testfregat2\public\index.php(79): CodeIgniter\CodeIgniter->run()
#11 {main}
CRITICAL - 2024-02-09 21:09:34 --> CodeIgniter\Database\Exceptions\DatabaseException: pg_query(): Query failed: ОШИБКА:  столбец &quot;user_id&quot; в таблице &quot;link_inspections_smallbusines&quot; не существует
LINE 1: INSERT INTO &quot;link_inspections_smallbusines&quot; (&quot;user_id&quot;, &quot;pla...
                                                     ^
in SYSTEMPATH\Database\BaseConnection.php on line 647.
 1 SYSTEMPATH\Database\BaseBuilder.php(2307): CodeIgniter\Database\BaseConnection->query()
 2 ROOTPATH\modules\Inspections\Models\M_link_smallbusiness.php(26): CodeIgniter\Database\BaseBuilder->insert()
 3 ROOTPATH\modules\Inspections\Controllers\Inspections.php(227): Modules\Inspections\Models\M_link_smallbusiness->savedb()
 4 SYSTEMPATH\CodeIgniter.php(941): Modules\Inspections\Controllers\Inspections->importFromExcel()
 5 SYSTEMPATH\CodeIgniter.php(502): CodeIgniter\CodeIgniter->runController()
 6 SYSTEMPATH\CodeIgniter.php(361): CodeIgniter\CodeIgniter->handleRequest()
 7 FCPATH\index.php(79): CodeIgniter\CodeIgniter->run()
CRITICAL - 2024-02-09 21:09:34 --> [Caused by] CodeIgniter\Database\Exceptions\DatabaseException: pg_query(): Query failed: ОШИБКА:  столбец &quot;user_id&quot; в таблице &quot;link_inspections_smallbusines&quot; не существует
LINE 1: INSERT INTO &quot;link_inspections_smallbusines&quot; (&quot;user_id&quot;, &quot;pla...
                                                     ^
in SYSTEMPATH\Database\Postgre\Connection.php on line 192.
 1 SYSTEMPATH\Database\BaseConnection.php(693): CodeIgniter\Database\Postgre\Connection->execute()
 2 SYSTEMPATH\Database\BaseConnection.php(607): CodeIgniter\Database\BaseConnection->simpleQuery()
 3 SYSTEMPATH\Database\BaseBuilder.php(2307): CodeIgniter\Database\BaseConnection->query()
 4 ROOTPATH\modules\Inspections\Models\M_link_smallbusiness.php(26): CodeIgniter\Database\BaseBuilder->insert()
 5 ROOTPATH\modules\Inspections\Controllers\Inspections.php(227): Modules\Inspections\Models\M_link_smallbusiness->savedb()
 6 SYSTEMPATH\CodeIgniter.php(941): Modules\Inspections\Controllers\Inspections->importFromExcel()
 7 SYSTEMPATH\CodeIgniter.php(502): CodeIgniter\CodeIgniter->runController()
 8 SYSTEMPATH\CodeIgniter.php(361): CodeIgniter\CodeIgniter->handleRequest()
 9 FCPATH\index.php(79): CodeIgniter\CodeIgniter->run()
CRITICAL - 2024-02-09 21:09:34 --> [Caused by] ErrorException: pg_query(): Query failed: ОШИБКА:  столбец &quot;user_id&quot; в таблице &quot;link_inspections_smallbusines&quot; не существует
LINE 1: INSERT INTO &quot;link_inspections_smallbusines&quot; (&quot;user_id&quot;, &quot;pla...
                                                     ^
in SYSTEMPATH\Database\Postgre\Connection.php on line 187.
 1 [internal function]: CodeIgniter\Debug\Exceptions->errorHandler()
 2 SYSTEMPATH\Database\Postgre\Connection.php(187): pg_query()
 3 SYSTEMPATH\Database\BaseConnection.php(693): CodeIgniter\Database\Postgre\Connection->execute()
 4 SYSTEMPATH\Database\BaseConnection.php(607): CodeIgniter\Database\BaseConnection->simpleQuery()
 5 SYSTEMPATH\Database\BaseBuilder.php(2307): CodeIgniter\Database\BaseConnection->query()
 6 ROOTPATH\modules\Inspections\Models\M_link_smallbusiness.php(26): CodeIgniter\Database\BaseBuilder->insert()
 7 ROOTPATH\modules\Inspections\Controllers\Inspections.php(227): Modules\Inspections\Models\M_link_smallbusiness->savedb()
 8 SYSTEMPATH\CodeIgniter.php(941): Modules\Inspections\Controllers\Inspections->importFromExcel()
 9 SYSTEMPATH\CodeIgniter.php(502): CodeIgniter\CodeIgniter->runController()
10 SYSTEMPATH\CodeIgniter.php(361): CodeIgniter\CodeIgniter->handleRequest()
11 FCPATH\index.php(79): CodeIgniter\CodeIgniter->run()
ERROR - 2024-02-09 21:09:49 --> ErrorException: pg_query(): Query failed: ОШИБКА:  столбец &quot;user_id&quot; в таблице &quot;link_inspections_smallbusines&quot; не существует
LINE 1: INSERT INTO &quot;link_inspections_smallbusines&quot; (&quot;user_id&quot;, &quot;pla...
                                                     ^ in C:\OSPanel\domains\testfregat2\system\Database\Postgre\Connection.php:187
Stack trace:
#0 [internal function]: CodeIgniter\Debug\Exceptions->errorHandler()
#1 C:\OSPanel\domains\testfregat2\system\Database\Postgre\Connection.php(187): pg_query()
#2 C:\OSPanel\domains\testfregat2\system\Database\BaseConnection.php(693): CodeIgniter\Database\Postgre\Connection->execute()
#3 C:\OSPanel\domains\testfregat2\system\Database\BaseConnection.php(607): CodeIgniter\Database\BaseConnection->simpleQuery()
#4 C:\OSPanel\domains\testfregat2\system\Database\BaseBuilder.php(2307): CodeIgniter\Database\BaseConnection->query()
#5 C:\OSPanel\domains\testfregat2\modules\Inspections\Models\M_link_smallbusiness.php(26): CodeIgniter\Database\BaseBuilder->insert()
#6 C:\OSPanel\domains\testfregat2\modules\Inspections\Controllers\Inspections.php(228): Modules\Inspections\Models\M_link_smallbusiness->savedb()
#7 C:\OSPanel\domains\testfregat2\system\CodeIgniter.php(941): Modules\Inspections\Controllers\Inspections->importFromExcel()
#8 C:\OSPanel\domains\testfregat2\system\CodeIgniter.php(502): CodeIgniter\CodeIgniter->runController()
#9 C:\OSPanel\domains\testfregat2\system\CodeIgniter.php(361): CodeIgniter\CodeIgniter->handleRequest()
#10 C:\OSPanel\domains\testfregat2\public\index.php(79): CodeIgniter\CodeIgniter->run()
#11 {main}
ERROR - 2024-02-09 21:10:08 --> ErrorException: pg_query(): Query failed: ОШИБКА:  столбец &quot;user_id&quot; в таблице &quot;link_inspections_smallbusines&quot; не существует
LINE 1: INSERT INTO &quot;link_inspections_smallbusines&quot; (&quot;user_id&quot;, &quot;pla...
                                                     ^ in C:\OSPanel\domains\testfregat2\system\Database\Postgre\Connection.php:187
Stack trace:
#0 [internal function]: CodeIgniter\Debug\Exceptions->errorHandler()
#1 C:\OSPanel\domains\testfregat2\system\Database\Postgre\Connection.php(187): pg_query()
#2 C:\OSPanel\domains\testfregat2\system\Database\BaseConnection.php(693): CodeIgniter\Database\Postgre\Connection->execute()
#3 C:\OSPanel\domains\testfregat2\system\Database\BaseConnection.php(607): CodeIgniter\Database\BaseConnection->simpleQuery()
#4 C:\OSPanel\domains\testfregat2\system\Database\BaseBuilder.php(2307): CodeIgniter\Database\BaseConnection->query()
#5 C:\OSPanel\domains\testfregat2\modules\Inspections\Models\M_link_smallbusiness.php(26): CodeIgniter\Database\BaseBuilder->insert()
#6 C:\OSPanel\domains\testfregat2\modules\Inspections\Controllers\Inspections.php(228): Modules\Inspections\Models\M_link_smallbusiness->savedb()
#7 C:\OSPanel\domains\testfregat2\system\CodeIgniter.php(941): Modules\Inspections\Controllers\Inspections->importFromExcel()
#8 C:\OSPanel\domains\testfregat2\system\CodeIgniter.php(502): CodeIgniter\CodeIgniter->runController()
#9 C:\OSPanel\domains\testfregat2\system\CodeIgniter.php(361): CodeIgniter\CodeIgniter->handleRequest()
#10 C:\OSPanel\domains\testfregat2\public\index.php(79): CodeIgniter\CodeIgniter->run()
#11 {main}
CRITICAL - 2024-02-09 21:10:08 --> CodeIgniter\Database\Exceptions\DatabaseException: pg_query(): Query failed: ОШИБКА:  столбец &quot;user_id&quot; в таблице &quot;link_inspections_smallbusines&quot; не существует
LINE 1: INSERT INTO &quot;link_inspections_smallbusines&quot; (&quot;user_id&quot;, &quot;pla...
                                                     ^
in SYSTEMPATH\Database\BaseConnection.php on line 647.
 1 SYSTEMPATH\Database\BaseBuilder.php(2307): CodeIgniter\Database\BaseConnection->query()
 2 ROOTPATH\modules\Inspections\Models\M_link_smallbusiness.php(26): CodeIgniter\Database\BaseBuilder->insert()
 3 ROOTPATH\modules\Inspections\Controllers\Inspections.php(228): Modules\Inspections\Models\M_link_smallbusiness->savedb()
 4 SYSTEMPATH\CodeIgniter.php(941): Modules\Inspections\Controllers\Inspections->importFromExcel()
 5 SYSTEMPATH\CodeIgniter.php(502): CodeIgniter\CodeIgniter->runController()
 6 SYSTEMPATH\CodeIgniter.php(361): CodeIgniter\CodeIgniter->handleRequest()
 7 FCPATH\index.php(79): CodeIgniter\CodeIgniter->run()
CRITICAL - 2024-02-09 21:10:08 --> [Caused by] CodeIgniter\Database\Exceptions\DatabaseException: pg_query(): Query failed: ОШИБКА:  столбец &quot;user_id&quot; в таблице &quot;link_inspections_smallbusines&quot; не существует
LINE 1: INSERT INTO &quot;link_inspections_smallbusines&quot; (&quot;user_id&quot;, &quot;pla...
                                                     ^
in SYSTEMPATH\Database\Postgre\Connection.php on line 192.
 1 SYSTEMPATH\Database\BaseConnection.php(693): CodeIgniter\Database\Postgre\Connection->execute()
 2 SYSTEMPATH\Database\BaseConnection.php(607): CodeIgniter\Database\BaseConnection->simpleQuery()
 3 SYSTEMPATH\Database\BaseBuilder.php(2307): CodeIgniter\Database\BaseConnection->query()
 4 ROOTPATH\modules\Inspections\Models\M_link_smallbusiness.php(26): CodeIgniter\Database\BaseBuilder->insert()
 5 ROOTPATH\modules\Inspections\Controllers\Inspections.php(228): Modules\Inspections\Models\M_link_smallbusiness->savedb()
 6 SYSTEMPATH\CodeIgniter.php(941): Modules\Inspections\Controllers\Inspections->importFromExcel()
 7 SYSTEMPATH\CodeIgniter.php(502): CodeIgniter\CodeIgniter->runController()
 8 SYSTEMPATH\CodeIgniter.php(361): CodeIgniter\CodeIgniter->handleRequest()
 9 FCPATH\index.php(79): CodeIgniter\CodeIgniter->run()
CRITICAL - 2024-02-09 21:10:08 --> [Caused by] ErrorException: pg_query(): Query failed: ОШИБКА:  столбец &quot;user_id&quot; в таблице &quot;link_inspections_smallbusines&quot; не существует
LINE 1: INSERT INTO &quot;link_inspections_smallbusines&quot; (&quot;user_id&quot;, &quot;pla...
                                                     ^
in SYSTEMPATH\Database\Postgre\Connection.php on line 187.
 1 [internal function]: CodeIgniter\Debug\Exceptions->errorHandler()
 2 SYSTEMPATH\Database\Postgre\Connection.php(187): pg_query()
 3 SYSTEMPATH\Database\BaseConnection.php(693): CodeIgniter\Database\Postgre\Connection->execute()
 4 SYSTEMPATH\Database\BaseConnection.php(607): CodeIgniter\Database\BaseConnection->simpleQuery()
 5 SYSTEMPATH\Database\BaseBuilder.php(2307): CodeIgniter\Database\BaseConnection->query()
 6 ROOTPATH\modules\Inspections\Models\M_link_smallbusiness.php(26): CodeIgniter\Database\BaseBuilder->insert()
 7 ROOTPATH\modules\Inspections\Controllers\Inspections.php(228): Modules\Inspections\Models\M_link_smallbusiness->savedb()
 8 SYSTEMPATH\CodeIgniter.php(941): Modules\Inspections\Controllers\Inspections->importFromExcel()
 9 SYSTEMPATH\CodeIgniter.php(502): CodeIgniter\CodeIgniter->runController()
10 SYSTEMPATH\CodeIgniter.php(361): CodeIgniter\CodeIgniter->handleRequest()
11 FCPATH\index.php(79): CodeIgniter\CodeIgniter->run()
ERROR - 2024-02-09 21:10:36 --> ErrorException: pg_query(): Query failed: ОШИБКА:  столбец &quot;user_id&quot; в таблице &quot;link_inspections_smallbusines&quot; не существует
LINE 1: INSERT INTO &quot;link_inspections_smallbusines&quot; (&quot;user_id&quot;, &quot;pla...
                                                     ^ in C:\OSPanel\domains\testfregat2\system\Database\Postgre\Connection.php:187
Stack trace:
#0 [internal function]: CodeIgniter\Debug\Exceptions->errorHandler()
#1 C:\OSPanel\domains\testfregat2\system\Database\Postgre\Connection.php(187): pg_query()
#2 C:\OSPanel\domains\testfregat2\system\Database\BaseConnection.php(693): CodeIgniter\Database\Postgre\Connection->execute()
#3 C:\OSPanel\domains\testfregat2\system\Database\BaseConnection.php(607): CodeIgniter\Database\BaseConnection->simpleQuery()
#4 C:\OSPanel\domains\testfregat2\system\Database\BaseBuilder.php(2307): CodeIgniter\Database\BaseConnection->query()
#5 C:\OSPanel\domains\testfregat2\modules\Inspections\Models\M_link_smallbusiness.php(26): CodeIgniter\Database\BaseBuilder->insert()
#6 C:\OSPanel\domains\testfregat2\modules\Inspections\Controllers\Inspections.php(228): Modules\Inspections\Models\M_link_smallbusiness->savedb()
#7 C:\OSPanel\domains\testfregat2\system\CodeIgniter.php(941): Modules\Inspections\Controllers\Inspections->importFromExcel()
#8 C:\OSPanel\domains\testfregat2\system\CodeIgniter.php(502): CodeIgniter\CodeIgniter->runController()
#9 C:\OSPanel\domains\testfregat2\system\CodeIgniter.php(361): CodeIgniter\CodeIgniter->handleRequest()
#10 C:\OSPanel\domains\testfregat2\public\index.php(79): CodeIgniter\CodeIgniter->run()
#11 {main}
CRITICAL - 2024-02-09 21:10:38 --> CodeIgniter\Database\Exceptions\DatabaseException: pg_query(): Query failed: ОШИБКА:  столбец &quot;user_id&quot; в таблице &quot;link_inspections_smallbusines&quot; не существует
LINE 1: INSERT INTO &quot;link_inspections_smallbusines&quot; (&quot;user_id&quot;, &quot;pla...
                                                     ^
in SYSTEMPATH\Database\BaseConnection.php on line 647.
 1 SYSTEMPATH\Database\BaseBuilder.php(2307): CodeIgniter\Database\BaseConnection->query()
 2 ROOTPATH\modules\Inspections\Models\M_link_smallbusiness.php(26): CodeIgniter\Database\BaseBuilder->insert()
 3 ROOTPATH\modules\Inspections\Controllers\Inspections.php(228): Modules\Inspections\Models\M_link_smallbusiness->savedb()
 4 SYSTEMPATH\CodeIgniter.php(941): Modules\Inspections\Controllers\Inspections->importFromExcel()
 5 SYSTEMPATH\CodeIgniter.php(502): CodeIgniter\CodeIgniter->runController()
 6 SYSTEMPATH\CodeIgniter.php(361): CodeIgniter\CodeIgniter->handleRequest()
 7 FCPATH\index.php(79): CodeIgniter\CodeIgniter->run()
CRITICAL - 2024-02-09 21:10:38 --> [Caused by] CodeIgniter\Database\Exceptions\DatabaseException: pg_query(): Query failed: ОШИБКА:  столбец &quot;user_id&quot; в таблице &quot;link_inspections_smallbusines&quot; не существует
LINE 1: INSERT INTO &quot;link_inspections_smallbusines&quot; (&quot;user_id&quot;, &quot;pla...
                                                     ^
in SYSTEMPATH\Database\Postgre\Connection.php on line 192.
 1 SYSTEMPATH\Database\BaseConnection.php(693): CodeIgniter\Database\Postgre\Connection->execute()
 2 SYSTEMPATH\Database\BaseConnection.php(607): CodeIgniter\Database\BaseConnection->simpleQuery()
 3 SYSTEMPATH\Database\BaseBuilder.php(2307): CodeIgniter\Database\BaseConnection->query()
 4 ROOTPATH\modules\Inspections\Models\M_link_smallbusiness.php(26): CodeIgniter\Database\BaseBuilder->insert()
 5 ROOTPATH\modules\Inspections\Controllers\Inspections.php(228): Modules\Inspections\Models\M_link_smallbusiness->savedb()
 6 SYSTEMPATH\CodeIgniter.php(941): Modules\Inspections\Controllers\Inspections->importFromExcel()
 7 SYSTEMPATH\CodeIgniter.php(502): CodeIgniter\CodeIgniter->runController()
 8 SYSTEMPATH\CodeIgniter.php(361): CodeIgniter\CodeIgniter->handleRequest()
 9 FCPATH\index.php(79): CodeIgniter\CodeIgniter->run()
CRITICAL - 2024-02-09 21:10:38 --> [Caused by] ErrorException: pg_query(): Query failed: ОШИБКА:  столбец &quot;user_id&quot; в таблице &quot;link_inspections_smallbusines&quot; не существует
LINE 1: INSERT INTO &quot;link_inspections_smallbusines&quot; (&quot;user_id&quot;, &quot;pla...
                                                     ^
in SYSTEMPATH\Database\Postgre\Connection.php on line 187.
 1 [internal function]: CodeIgniter\Debug\Exceptions->errorHandler()
 2 SYSTEMPATH\Database\Postgre\Connection.php(187): pg_query()
 3 SYSTEMPATH\Database\BaseConnection.php(693): CodeIgniter\Database\Postgre\Connection->execute()
 4 SYSTEMPATH\Database\BaseConnection.php(607): CodeIgniter\Database\BaseConnection->simpleQuery()
 5 SYSTEMPATH\Database\BaseBuilder.php(2307): CodeIgniter\Database\BaseConnection->query()
 6 ROOTPATH\modules\Inspections\Models\M_link_smallbusiness.php(26): CodeIgniter\Database\BaseBuilder->insert()
 7 ROOTPATH\modules\Inspections\Controllers\Inspections.php(228): Modules\Inspections\Models\M_link_smallbusiness->savedb()
 8 SYSTEMPATH\CodeIgniter.php(941): Modules\Inspections\Controllers\Inspections->importFromExcel()
 9 SYSTEMPATH\CodeIgniter.php(502): CodeIgniter\CodeIgniter->runController()
10 SYSTEMPATH\CodeIgniter.php(361): CodeIgniter\CodeIgniter->handleRequest()
11 FCPATH\index.php(79): CodeIgniter\CodeIgniter->run()
ERROR - 2024-02-09 21:13:40 --> ErrorException: pg_query(): Query failed: ОШИБКА:  значение NULL в столбце &quot;small_business_entity_id&quot; отношения &quot;link_inspections_smallbusines&quot; нарушает ограничение NOT NULL
DETAIL:  Ошибочная строка содержит (2, c8dbb915-65ce-4797-8e3a-c0d927edb636, null, 2024-02-10 00:13:40.228788, 2024-02-10 00:13:40.228788). in C:\OSPanel\domains\testfregat2\system\Database\Postgre\Connection.php:187
Stack trace:
#0 [internal function]: CodeIgniter\Debug\Exceptions->errorHandler()
#1 C:\OSPanel\domains\testfregat2\system\Database\Postgre\Connection.php(187): pg_query()
#2 C:\OSPanel\domains\testfregat2\system\Database\BaseConnection.php(693): CodeIgniter\Database\Postgre\Connection->execute()
#3 C:\OSPanel\domains\testfregat2\system\Database\BaseConnection.php(607): CodeIgniter\Database\BaseConnection->simpleQuery()
#4 C:\OSPanel\domains\testfregat2\system\Database\BaseBuilder.php(2307): CodeIgniter\Database\BaseConnection->query()
#5 C:\OSPanel\domains\testfregat2\modules\Inspections\Models\M_link_smallbusiness.php(26): CodeIgniter\Database\BaseBuilder->insert()
#6 C:\OSPanel\domains\testfregat2\modules\Inspections\Controllers\Inspections.php(228): Modules\Inspections\Models\M_link_smallbusiness->savedb()
#7 C:\OSPanel\domains\testfregat2\system\CodeIgniter.php(941): Modules\Inspections\Controllers\Inspections->importFromExcel()
#8 C:\OSPanel\domains\testfregat2\system\CodeIgniter.php(502): CodeIgniter\CodeIgniter->runController()
#9 C:\OSPanel\domains\testfregat2\system\CodeIgniter.php(361): CodeIgniter\CodeIgniter->handleRequest()
#10 C:\OSPanel\domains\testfregat2\public\index.php(79): CodeIgniter\CodeIgniter->run()
#11 {main}
ERROR - 2024-02-09 21:15:30 --> ErrorException: pg_query(): Query failed: ОШИБКА:  значение NULL в столбце &quot;small_business_entity_id&quot; отношения &quot;link_inspections_smallbusines&quot; нарушает ограничение NOT NULL
DETAIL:  Ошибочная строка содержит (3, aed2a835-111d-4c7f-9290-b2aef07b3cd2, null, 2024-02-10 00:15:23.69251, 2024-02-10 00:15:23.69251). in C:\OSPanel\domains\testfregat2\system\Database\Postgre\Connection.php:187
Stack trace:
#0 [internal function]: CodeIgniter\Debug\Exceptions->errorHandler()
#1 C:\OSPanel\domains\testfregat2\system\Database\Postgre\Connection.php(187): pg_query()
#2 C:\OSPanel\domains\testfregat2\system\Database\BaseConnection.php(693): CodeIgniter\Database\Postgre\Connection->execute()
#3 C:\OSPanel\domains\testfregat2\system\Database\BaseConnection.php(607): CodeIgniter\Database\BaseConnection->simpleQuery()
#4 C:\OSPanel\domains\testfregat2\system\Database\BaseBuilder.php(2307): CodeIgniter\Database\BaseConnection->query()
#5 C:\OSPanel\domains\testfregat2\modules\Inspections\Models\M_link_smallbusiness.php(26): CodeIgniter\Database\BaseBuilder->insert()
#6 C:\OSPanel\domains\testfregat2\modules\Inspections\Controllers\Inspections.php(228): Modules\Inspections\Models\M_link_smallbusiness->savedb()
#7 C:\OSPanel\domains\testfregat2\system\CodeIgniter.php(941): Modules\Inspections\Controllers\Inspections->importFromExcel()
#8 C:\OSPanel\domains\testfregat2\system\CodeIgniter.php(502): CodeIgniter\CodeIgniter->runController()
#9 C:\OSPanel\domains\testfregat2\system\CodeIgniter.php(361): CodeIgniter\CodeIgniter->handleRequest()
#10 C:\OSPanel\domains\testfregat2\public\index.php(79): CodeIgniter\CodeIgniter->run()
#11 {main}
CRITICAL - 2024-02-09 21:21:36 --> ErrorException: Undefined array key "subject_name"
in ROOTPATH\modules\Small_business\Views\table.php on line 28.
 1 ROOTPATH\modules\Small_business\Views\table.php(28): CodeIgniter\Debug\Exceptions->errorHandler()
 2 SYSTEMPATH\View\View.php(228): include('C:\\OSPanel\\domains\\testfregat2\\modules\\Small_business\\Views\\table.php')
 3 SYSTEMPATH\View\View.php(231): CodeIgniter\View\View->CodeIgniter\View\{closure}()
 4 SYSTEMPATH\Common.php(1178): CodeIgniter\View\View->render()
 5 ROOTPATH\modules\Inspections\Controllers\Inspections.php(65): view()
 6 SYSTEMPATH\CodeIgniter.php(941): Modules\Inspections\Controllers\Inspections->get_table()
 7 SYSTEMPATH\CodeIgniter.php(502): CodeIgniter\CodeIgniter->runController()
 8 SYSTEMPATH\CodeIgniter.php(361): CodeIgniter\CodeIgniter->handleRequest()
 9 FCPATH\index.php(79): CodeIgniter\CodeIgniter->run()
CRITICAL - 2024-02-09 21:23:16 --> ErrorException: Attempt to read property "subject_name" on array
in ROOTPATH\modules\Inspections\Views\table.php on line 30.
 1 ROOTPATH\modules\Inspections\Views\table.php(30): CodeIgniter\Debug\Exceptions->errorHandler()
 2 SYSTEMPATH\View\View.php(228): include('C:\\OSPanel\\domains\\testfregat2\\modules\\Inspections\\Views\\table.php')
 3 SYSTEMPATH\View\View.php(231): CodeIgniter\View\View->CodeIgniter\View\{closure}()
 4 SYSTEMPATH\Common.php(1178): CodeIgniter\View\View->render()
 5 ROOTPATH\modules\Inspections\Controllers\Inspections.php(65): view()
 6 SYSTEMPATH\CodeIgniter.php(941): Modules\Inspections\Controllers\Inspections->get_table()
 7 SYSTEMPATH\CodeIgniter.php(502): CodeIgniter\CodeIgniter->runController()
 8 SYSTEMPATH\CodeIgniter.php(361): CodeIgniter\CodeIgniter->handleRequest()
 9 FCPATH\index.php(79): CodeIgniter\CodeIgniter->run()
CRITICAL - 2024-02-09 21:32:18 --> Error: Call to undefined method CodeIgniter\Database\Postgre\Builder::paginate()
in ROOTPATH\modules\Inspections\Models\M_Inspections.php on line 51.
 1 ROOTPATH\modules\Inspections\Controllers\Inspections.php(61): Modules\Inspections\Models\M_inspections->get_all()
 2 SYSTEMPATH\CodeIgniter.php(941): Modules\Inspections\Controllers\Inspections->get_table()
 3 SYSTEMPATH\CodeIgniter.php(502): CodeIgniter\CodeIgniter->runController()
 4 SYSTEMPATH\CodeIgniter.php(361): CodeIgniter\CodeIgniter->handleRequest()
 5 FCPATH\index.php(79): CodeIgniter\CodeIgniter->run()
CRITICAL - 2024-02-09 21:56:48 --> ErrorException: Attempt to read property "subject_name" on array
in ROOTPATH\modules\Inspections\Views\table.php on line 30.
 1 ROOTPATH\modules\Inspections\Views\table.php(30): CodeIgniter\Debug\Exceptions->errorHandler()
 2 SYSTEMPATH\View\View.php(228): include('C:\\OSPanel\\domains\\testfregat2\\modules\\Inspections\\Views\\table.php')
 3 SYSTEMPATH\View\View.php(231): CodeIgniter\View\View->CodeIgniter\View\{closure}()
 4 SYSTEMPATH\Common.php(1178): CodeIgniter\View\View->render()
 5 ROOTPATH\modules\Inspections\Controllers\Inspections.php(80): view()
 6 SYSTEMPATH\CodeIgniter.php(941): Modules\Inspections\Controllers\Inspections->get_table()
 7 SYSTEMPATH\CodeIgniter.php(502): CodeIgniter\CodeIgniter->runController()
 8 SYSTEMPATH\CodeIgniter.php(361): CodeIgniter\CodeIgniter->handleRequest()
 9 FCPATH\index.php(79): CodeIgniter\CodeIgniter->run()
CRITICAL - 2024-02-09 21:59:35 --> ErrorException: Attempt to read property "subject_name" on array
in ROOTPATH\modules\Inspections\Views\table.php on line 30.
 1 ROOTPATH\modules\Inspections\Views\table.php(30): CodeIgniter\Debug\Exceptions->errorHandler()
 2 SYSTEMPATH\View\View.php(228): include('C:\\OSPanel\\domains\\testfregat2\\modules\\Inspections\\Views\\table.php')
 3 SYSTEMPATH\View\View.php(231): CodeIgniter\View\View->CodeIgniter\View\{closure}()
 4 SYSTEMPATH\Common.php(1178): CodeIgniter\View\View->render()
 5 ROOTPATH\modules\Inspections\Controllers\Inspections.php(80): view()
 6 SYSTEMPATH\CodeIgniter.php(941): Modules\Inspections\Controllers\Inspections->get_table()
 7 SYSTEMPATH\CodeIgniter.php(502): CodeIgniter\CodeIgniter->runController()
 8 SYSTEMPATH\CodeIgniter.php(361): CodeIgniter\CodeIgniter->handleRequest()
 9 FCPATH\index.php(79): CodeIgniter\CodeIgniter->run()
CRITICAL - 2024-02-09 21:59:59 --> ErrorException: Attempt to read property "subject_name" on array
in ROOTPATH\modules\Inspections\Views\table.php on line 30.
 1 ROOTPATH\modules\Inspections\Views\table.php(30): CodeIgniter\Debug\Exceptions->errorHandler()
 2 SYSTEMPATH\View\View.php(228): include('C:\\OSPanel\\domains\\testfregat2\\modules\\Inspections\\Views\\table.php')
 3 SYSTEMPATH\View\View.php(231): CodeIgniter\View\View->CodeIgniter\View\{closure}()
 4 SYSTEMPATH\Common.php(1178): CodeIgniter\View\View->render()
 5 ROOTPATH\modules\Inspections\Controllers\Inspections.php(80): view()
 6 SYSTEMPATH\CodeIgniter.php(941): Modules\Inspections\Controllers\Inspections->get_table()
 7 SYSTEMPATH\CodeIgniter.php(502): CodeIgniter\CodeIgniter->runController()
 8 SYSTEMPATH\CodeIgniter.php(361): CodeIgniter\CodeIgniter->handleRequest()
 9 FCPATH\index.php(79): CodeIgniter\CodeIgniter->run()
CRITICAL - 2024-02-09 22:00:05 --> ErrorException: Attempt to read property "subject_name" on array
in ROOTPATH\modules\Inspections\Views\table.php on line 30.
 1 ROOTPATH\modules\Inspections\Views\table.php(30): CodeIgniter\Debug\Exceptions->errorHandler()
 2 SYSTEMPATH\View\View.php(228): include('C:\\OSPanel\\domains\\testfregat2\\modules\\Inspections\\Views\\table.php')
 3 SYSTEMPATH\View\View.php(231): CodeIgniter\View\View->CodeIgniter\View\{closure}()
 4 SYSTEMPATH\Common.php(1178): CodeIgniter\View\View->render()
 5 ROOTPATH\modules\Inspections\Controllers\Inspections.php(80): view()
 6 SYSTEMPATH\CodeIgniter.php(941): Modules\Inspections\Controllers\Inspections->get_table()
 7 SYSTEMPATH\CodeIgniter.php(502): CodeIgniter\CodeIgniter->runController()
 8 SYSTEMPATH\CodeIgniter.php(361): CodeIgniter\CodeIgniter->handleRequest()
 9 FCPATH\index.php(79): CodeIgniter\CodeIgniter->run()
CRITICAL - 2024-02-09 22:00:58 --> ErrorException: Attempt to read property "subject_name" on array
in ROOTPATH\modules\Inspections\Views\table.php on line 30.
 1 ROOTPATH\modules\Inspections\Views\table.php(30): CodeIgniter\Debug\Exceptions->errorHandler()
 2 SYSTEMPATH\View\View.php(228): include('C:\\OSPanel\\domains\\testfregat2\\modules\\Inspections\\Views\\table.php')
 3 SYSTEMPATH\View\View.php(231): CodeIgniter\View\View->CodeIgniter\View\{closure}()
 4 SYSTEMPATH\Common.php(1178): CodeIgniter\View\View->render()
 5 ROOTPATH\modules\Inspections\Controllers\Inspections.php(80): view()
 6 SYSTEMPATH\CodeIgniter.php(941): Modules\Inspections\Controllers\Inspections->get_table()
 7 SYSTEMPATH\CodeIgniter.php(502): CodeIgniter\CodeIgniter->runController()
 8 SYSTEMPATH\CodeIgniter.php(361): CodeIgniter\CodeIgniter->handleRequest()
 9 FCPATH\index.php(79): CodeIgniter\CodeIgniter->run()
CRITICAL - 2024-02-09 22:01:30 --> ErrorException: Attempt to read property "subject_name" on array
in ROOTPATH\modules\Inspections\Views\table.php on line 30.
 1 ROOTPATH\modules\Inspections\Views\table.php(30): CodeIgniter\Debug\Exceptions->errorHandler()
 2 SYSTEMPATH\View\View.php(228): include('C:\\OSPanel\\domains\\testfregat2\\modules\\Inspections\\Views\\table.php')
 3 SYSTEMPATH\View\View.php(231): CodeIgniter\View\View->CodeIgniter\View\{closure}()
 4 SYSTEMPATH\Common.php(1178): CodeIgniter\View\View->render()
 5 ROOTPATH\modules\Inspections\Controllers\Inspections.php(80): view()
 6 SYSTEMPATH\CodeIgniter.php(941): Modules\Inspections\Controllers\Inspections->get_table()
 7 SYSTEMPATH\CodeIgniter.php(502): CodeIgniter\CodeIgniter->runController()
 8 SYSTEMPATH\CodeIgniter.php(361): CodeIgniter\CodeIgniter->handleRequest()
 9 FCPATH\index.php(79): CodeIgniter\CodeIgniter->run()
CRITICAL - 2024-02-09 22:01:35 --> ErrorException: Attempt to read property "name" on array
in ROOTPATH\modules\Inspections\Views\table.php on line 31.
 1 ROOTPATH\modules\Inspections\Views\table.php(31): CodeIgniter\Debug\Exceptions->errorHandler()
 2 SYSTEMPATH\View\View.php(228): include('C:\\OSPanel\\domains\\testfregat2\\modules\\Inspections\\Views\\table.php')
 3 SYSTEMPATH\View\View.php(231): CodeIgniter\View\View->CodeIgniter\View\{closure}()
 4 SYSTEMPATH\Common.php(1178): CodeIgniter\View\View->render()
 5 ROOTPATH\modules\Inspections\Controllers\Inspections.php(80): view()
 6 SYSTEMPATH\CodeIgniter.php(941): Modules\Inspections\Controllers\Inspections->get_table()
 7 SYSTEMPATH\CodeIgniter.php(502): CodeIgniter\CodeIgniter->runController()
 8 SYSTEMPATH\CodeIgniter.php(361): CodeIgniter\CodeIgniter->handleRequest()
 9 FCPATH\index.php(79): CodeIgniter\CodeIgniter->run()
CRITICAL - 2024-02-09 22:04:10 --> Error: Call to undefined method CodeIgniter\Database\Postgre\Builder::paginate()
in ROOTPATH\modules\Inspections\Models\M_Inspections.php on line 51.
 1 ROOTPATH\modules\Inspections\Controllers\Inspections.php(168): Modules\Inspections\Models\M_inspections->get_all()
 2 SYSTEMPATH\CodeIgniter.php(941): Modules\Inspections\Controllers\Inspections->exportToExcel()
 3 SYSTEMPATH\CodeIgniter.php(502): CodeIgniter\CodeIgniter->runController()
 4 SYSTEMPATH\CodeIgniter.php(361): CodeIgniter\CodeIgniter->handleRequest()
 5 FCPATH\index.php(79): CodeIgniter\CodeIgniter->run()
CRITICAL - 2024-02-09 22:30:21 --> Error: Attempt to assign property "period_start" on resource
in ROOTPATH\modules\Inspections\Controllers\Inspections.php on line 172.
 1 SYSTEMPATH\CodeIgniter.php(941): Modules\Inspections\Controllers\Inspections->exportToExcel()
 2 SYSTEMPATH\CodeIgniter.php(502): CodeIgniter\CodeIgniter->runController()
 3 SYSTEMPATH\CodeIgniter.php(361): CodeIgniter\CodeIgniter->handleRequest()
 4 FCPATH\index.php(79): CodeIgniter\CodeIgniter->run()
