CRITICAL - 2024-02-10 06:40:33 --> Error: Attempt to assign property "period_start" on resource
in ROOTPATH\modules\Inspections\Controllers\Inspections.php on line 172.
 1 SYSTEMPATH\CodeIgniter.php(941): Modules\Inspections\Controllers\Inspections->exportToExcel()
 2 SYSTEMPATH\CodeIgniter.php(502): CodeIgniter\CodeIgniter->runController()
 3 SYSTEMPATH\CodeIgniter.php(361): CodeIgniter\CodeIgniter->handleRequest()
 4 FCPATH\index.php(79): CodeIgniter\CodeIgniter->run()
CRITICAL - 2024-02-10 06:42:20 --> Error: Attempt to assign property "period_start" on resource
in ROOTPATH\modules\Inspections\Controllers\Inspections.php on line 172.
 1 SYSTEMPATH\CodeIgniter.php(941): Modules\Inspections\Controllers\Inspections->exportToExcel()
 2 SYSTEMPATH\CodeIgniter.php(502): CodeIgniter\CodeIgniter->runController()
 3 SYSTEMPATH\CodeIgniter.php(361): CodeIgniter\CodeIgniter->handleRequest()
 4 FCPATH\index.php(79): CodeIgniter\CodeIgniter->run()
CRITICAL - 2024-02-10 21:03:21 --> ArgumentCountError: Too few arguments to function Modules\Inspections\Models\M_inspections::get_edit(), 0 passed in C:\OSPanel\domains\testfregat2\modules\Inspections\Controllers\Inspections.php on line 92 and exactly 1 expected
in ROOTPATH\modules\Inspections\Models\M_Inspections.php on line 54.
 1 ROOTPATH\modules\Inspections\Controllers\Inspections.php(92): Modules\Inspections\Models\M_inspections->get_edit()
 2 SYSTEMPATH\CodeIgniter.php(941): Modules\Inspections\Controllers\Inspections->edit()
 3 SYSTEMPATH\CodeIgniter.php(502): CodeIgniter\CodeIgniter->runController()
 4 SYSTEMPATH\CodeIgniter.php(361): CodeIgniter\CodeIgniter->handleRequest()
 5 FCPATH\index.php(79): CodeIgniter\CodeIgniter->run()
ERROR - 2024-02-10 21:04:11 --> ErrorException: pg_query(): Query failed: ОШИБКА:  столбец i.uuid не существует
LINE 7: AND &quot;i&quot;.&quot;uuid&quot; = '0c28637c-18df-4b39-be67-5a3be34ec99b'
            ^
HINT:  Возможно, предполагалась ссылка на столбец &quot;i.id&quot;. in C:\OSPanel\domains\testfregat2\system\Database\Postgre\Connection.php:187
Stack trace:
#0 [internal function]: CodeIgniter\Debug\Exceptions->errorHandler()
#1 C:\OSPanel\domains\testfregat2\system\Database\Postgre\Connection.php(187): pg_query()
#2 C:\OSPanel\domains\testfregat2\system\Database\BaseConnection.php(693): CodeIgniter\Database\Postgre\Connection->execute()
#3 C:\OSPanel\domains\testfregat2\system\Database\BaseConnection.php(607): CodeIgniter\Database\BaseConnection->simpleQuery()
#4 C:\OSPanel\domains\testfregat2\system\Database\BaseBuilder.php(1616): CodeIgniter\Database\BaseConnection->query()
#5 C:\OSPanel\domains\testfregat2\modules\Inspections\Models\M_Inspections.php(63): CodeIgniter\Database\BaseBuilder->get()
#6 C:\OSPanel\domains\testfregat2\modules\Inspections\Controllers\Inspections.php(92): Modules\Inspections\Models\M_inspections->get_edit()
#7 C:\OSPanel\domains\testfregat2\system\CodeIgniter.php(941): Modules\Inspections\Controllers\Inspections->edit()
#8 C:\OSPanel\domains\testfregat2\system\CodeIgniter.php(502): CodeIgniter\CodeIgniter->runController()
#9 C:\OSPanel\domains\testfregat2\system\CodeIgniter.php(361): CodeIgniter\CodeIgniter->handleRequest()
#10 C:\OSPanel\domains\testfregat2\public\index.php(79): CodeIgniter\CodeIgniter->run()
#11 {main}
CRITICAL - 2024-02-10 21:04:11 --> CodeIgniter\Database\Exceptions\DatabaseException: pg_query(): Query failed: ОШИБКА:  столбец i.uuid не существует
LINE 7: AND &quot;i&quot;.&quot;uuid&quot; = '0c28637c-18df-4b39-be67-5a3be34ec99b'
            ^
HINT:  Возможно, предполагалась ссылка на столбец &quot;i.id&quot;.
in SYSTEMPATH\Database\BaseConnection.php on line 647.
 1 SYSTEMPATH\Database\BaseBuilder.php(1616): CodeIgniter\Database\BaseConnection->query()
 2 ROOTPATH\modules\Inspections\Models\M_Inspections.php(63): CodeIgniter\Database\BaseBuilder->get()
 3 ROOTPATH\modules\Inspections\Controllers\Inspections.php(92): Modules\Inspections\Models\M_inspections->get_edit()
 4 SYSTEMPATH\CodeIgniter.php(941): Modules\Inspections\Controllers\Inspections->edit()
 5 SYSTEMPATH\CodeIgniter.php(502): CodeIgniter\CodeIgniter->runController()
 6 SYSTEMPATH\CodeIgniter.php(361): CodeIgniter\CodeIgniter->handleRequest()
 7 FCPATH\index.php(79): CodeIgniter\CodeIgniter->run()
CRITICAL - 2024-02-10 21:04:11 --> [Caused by] CodeIgniter\Database\Exceptions\DatabaseException: pg_query(): Query failed: ОШИБКА:  столбец i.uuid не существует
LINE 7: AND &quot;i&quot;.&quot;uuid&quot; = '0c28637c-18df-4b39-be67-5a3be34ec99b'
            ^
HINT:  Возможно, предполагалась ссылка на столбец &quot;i.id&quot;.
in SYSTEMPATH\Database\Postgre\Connection.php on line 192.
 1 SYSTEMPATH\Database\BaseConnection.php(693): CodeIgniter\Database\Postgre\Connection->execute()
 2 SYSTEMPATH\Database\BaseConnection.php(607): CodeIgniter\Database\BaseConnection->simpleQuery()
 3 SYSTEMPATH\Database\BaseBuilder.php(1616): CodeIgniter\Database\BaseConnection->query()
 4 ROOTPATH\modules\Inspections\Models\M_Inspections.php(63): CodeIgniter\Database\BaseBuilder->get()
 5 ROOTPATH\modules\Inspections\Controllers\Inspections.php(92): Modules\Inspections\Models\M_inspections->get_edit()
 6 SYSTEMPATH\CodeIgniter.php(941): Modules\Inspections\Controllers\Inspections->edit()
 7 SYSTEMPATH\CodeIgniter.php(502): CodeIgniter\CodeIgniter->runController()
 8 SYSTEMPATH\CodeIgniter.php(361): CodeIgniter\CodeIgniter->handleRequest()
 9 FCPATH\index.php(79): CodeIgniter\CodeIgniter->run()
CRITICAL - 2024-02-10 21:04:11 --> [Caused by] ErrorException: pg_query(): Query failed: ОШИБКА:  столбец i.uuid не существует
LINE 7: AND &quot;i&quot;.&quot;uuid&quot; = '0c28637c-18df-4b39-be67-5a3be34ec99b'
            ^
HINT:  Возможно, предполагалась ссылка на столбец &quot;i.id&quot;.
in SYSTEMPATH\Database\Postgre\Connection.php on line 187.
 1 [internal function]: CodeIgniter\Debug\Exceptions->errorHandler()
 2 SYSTEMPATH\Database\Postgre\Connection.php(187): pg_query()
 3 SYSTEMPATH\Database\BaseConnection.php(693): CodeIgniter\Database\Postgre\Connection->execute()
 4 SYSTEMPATH\Database\BaseConnection.php(607): CodeIgniter\Database\BaseConnection->simpleQuery()
 5 SYSTEMPATH\Database\BaseBuilder.php(1616): CodeIgniter\Database\BaseConnection->query()
 6 ROOTPATH\modules\Inspections\Models\M_Inspections.php(63): CodeIgniter\Database\BaseBuilder->get()
 7 ROOTPATH\modules\Inspections\Controllers\Inspections.php(92): Modules\Inspections\Models\M_inspections->get_edit()
 8 SYSTEMPATH\CodeIgniter.php(941): Modules\Inspections\Controllers\Inspections->edit()
 9 SYSTEMPATH\CodeIgniter.php(502): CodeIgniter\CodeIgniter->runController()
10 SYSTEMPATH\CodeIgniter.php(361): CodeIgniter\CodeIgniter->handleRequest()
11 FCPATH\index.php(79): CodeIgniter\CodeIgniter->run()
CRITICAL - 2024-02-10 21:04:26 --> Error: Cannot use object of type stdClass as array
in ROOTPATH\modules\Inspections\Views\form.php on line 16.
 1 SYSTEMPATH\View\View.php(228): include()
 2 SYSTEMPATH\View\View.php(231): CodeIgniter\View\View->CodeIgniter\View\{closure}()
 3 SYSTEMPATH\Common.php(1178): CodeIgniter\View\View->render()
 4 ROOTPATH\modules\Inspections\Controllers\Inspections.php(47): view()
 5 ROOTPATH\modules\Inspections\Controllers\Inspections.php(93): Modules\Inspections\Controllers\Inspections->get_form()
 6 SYSTEMPATH\CodeIgniter.php(941): Modules\Inspections\Controllers\Inspections->edit()
 7 SYSTEMPATH\CodeIgniter.php(502): CodeIgniter\CodeIgniter->runController()
 8 SYSTEMPATH\CodeIgniter.php(361): CodeIgniter\CodeIgniter->handleRequest()
 9 FCPATH\index.php(79): CodeIgniter\CodeIgniter->run()
CRITICAL - 2024-02-10 21:05:05 --> Error: Cannot use object of type stdClass as array
in ROOTPATH\modules\Inspections\Views\form.php on line 20.
 1 SYSTEMPATH\View\View.php(228): include()
 2 SYSTEMPATH\View\View.php(231): CodeIgniter\View\View->CodeIgniter\View\{closure}()
 3 SYSTEMPATH\Common.php(1178): CodeIgniter\View\View->render()
 4 ROOTPATH\modules\Inspections\Controllers\Inspections.php(47): view()
 5 ROOTPATH\modules\Inspections\Controllers\Inspections.php(93): Modules\Inspections\Controllers\Inspections->get_form()
 6 SYSTEMPATH\CodeIgniter.php(941): Modules\Inspections\Controllers\Inspections->edit()
 7 SYSTEMPATH\CodeIgniter.php(502): CodeIgniter\CodeIgniter->runController()
 8 SYSTEMPATH\CodeIgniter.php(361): CodeIgniter\CodeIgniter->handleRequest()
 9 FCPATH\index.php(79): CodeIgniter\CodeIgniter->run()
CRITICAL - 2024-02-10 21:06:40 --> Error: Cannot use object of type stdClass as array
in ROOTPATH\modules\Inspections\Views\form.php on line 20.
 1 SYSTEMPATH\View\View.php(228): include()
 2 SYSTEMPATH\View\View.php(231): CodeIgniter\View\View->CodeIgniter\View\{closure}()
 3 SYSTEMPATH\Common.php(1178): CodeIgniter\View\View->render()
 4 ROOTPATH\modules\Inspections\Controllers\Inspections.php(47): view()
 5 ROOTPATH\modules\Inspections\Controllers\Inspections.php(93): Modules\Inspections\Controllers\Inspections->get_form()
 6 SYSTEMPATH\CodeIgniter.php(941): Modules\Inspections\Controllers\Inspections->edit()
 7 SYSTEMPATH\CodeIgniter.php(502): CodeIgniter\CodeIgniter->runController()
 8 SYSTEMPATH\CodeIgniter.php(361): CodeIgniter\CodeIgniter->handleRequest()
 9 FCPATH\index.php(79): CodeIgniter\CodeIgniter->run()
CRITICAL - 2024-02-10 21:06:40 --> Error: Cannot use object of type stdClass as array
in ROOTPATH\modules\Inspections\Views\form.php on line 31.
 1 SYSTEMPATH\View\View.php(228): include()
 2 SYSTEMPATH\View\View.php(231): CodeIgniter\View\View->CodeIgniter\View\{closure}()
 3 SYSTEMPATH\Common.php(1178): CodeIgniter\View\View->render()
 4 ROOTPATH\modules\Inspections\Controllers\Inspections.php(47): view()
 5 ROOTPATH\modules\Inspections\Controllers\Inspections.php(93): Modules\Inspections\Controllers\Inspections->get_form()
 6 SYSTEMPATH\CodeIgniter.php(941): Modules\Inspections\Controllers\Inspections->edit()
 7 SYSTEMPATH\CodeIgniter.php(502): CodeIgniter\CodeIgniter->runController()
 8 SYSTEMPATH\CodeIgniter.php(361): CodeIgniter\CodeIgniter->handleRequest()
 9 FCPATH\index.php(79): CodeIgniter\CodeIgniter->run()
CRITICAL - 2024-02-10 21:55:13 --> ArgumentCountError: Too few arguments to function Modules\Inspections\Models\M_inspections::getPagination(), 3 passed in C:\OSPanel\domains\testfregat2\modules\Inspections\Controllers\Inspections.php on line 56 and exactly 4 expected
in ROOTPATH\modules\Inspections\Models\M_Inspections.php on line 54.
 1 ROOTPATH\modules\Inspections\Controllers\Inspections.php(56): Modules\Inspections\Models\M_inspections->getPagination()
 2 SYSTEMPATH\CodeIgniter.php(941): Modules\Inspections\Controllers\Inspections->get_table()
 3 SYSTEMPATH\CodeIgniter.php(502): CodeIgniter\CodeIgniter->runController()
 4 SYSTEMPATH\CodeIgniter.php(361): CodeIgniter\CodeIgniter->handleRequest()
 5 FCPATH\index.php(79): CodeIgniter\CodeIgniter->run()
CRITICAL - 2024-02-10 22:07:44 --> BadMethodCallException: Call to undefined method Modules\Inspections\Models\M_inspections::get_edit
in SYSTEMPATH\Model.php on line 874.
 1 ROOTPATH\modules\Inspections\Controllers\Inspections.php(77): CodeIgniter\Model->__call()
 2 SYSTEMPATH\CodeIgniter.php(941): Modules\Inspections\Controllers\Inspections->edit()
 3 SYSTEMPATH\CodeIgniter.php(502): CodeIgniter\CodeIgniter->runController()
 4 SYSTEMPATH\CodeIgniter.php(361): CodeIgniter\CodeIgniter->handleRequest()
 5 FCPATH\index.php(79): CodeIgniter\CodeIgniter->run()
CRITICAL - 2024-02-10 22:14:13 --> ErrorException: Cannot use [] for reading
in xdebug://debug-eval(1) : eval()'d code on line 1.
 1 [internal function]: CodeIgniter\Debug\Exceptions->shutdownHandler()
ERROR - 2024-02-10 22:14:40 --> ErrorException: pg_query(): Query failed: ОШИБКА:  неверный синтаксис для типа date: &quot;&quot;
LINE 8: &quot;inspections&quot;.&quot;period_start&quot; &lt;= ''
                                        ^ in C:\OSPanel\domains\testfregat2\system\Database\Postgre\Connection.php:187
Stack trace:
#0 [internal function]: CodeIgniter\Debug\Exceptions->errorHandler()
#1 C:\OSPanel\domains\testfregat2\system\Database\Postgre\Connection.php(187): pg_query()
#2 C:\OSPanel\domains\testfregat2\system\Database\BaseConnection.php(693): CodeIgniter\Database\Postgre\Connection->execute()
#3 C:\OSPanel\domains\testfregat2\system\Database\BaseConnection.php(607): CodeIgniter\Database\BaseConnection->simpleQuery()
#4 C:\OSPanel\domains\testfregat2\system\Database\BaseBuilder.php(1700): CodeIgniter\Database\BaseConnection->query()
#5 C:\OSPanel\domains\testfregat2\system\Model.php(624): CodeIgniter\Database\BaseBuilder->countAllResults()
#6 C:\OSPanel\domains\testfregat2\system\BaseModel.php(1239): CodeIgniter\Model->countAllResults()
#7 C:\OSPanel\domains\testfregat2\modules\Inspections\Models\M_Inspections.php(72): CodeIgniter\BaseModel->paginate()
#8 C:\OSPanel\domains\testfregat2\modules\Inspections\Controllers\Inspections.php(57): Modules\Inspections\Models\M_inspections->getPagination()
#9 C:\OSPanel\domains\testfregat2\modules\Inspections\Controllers\Inspections.php(69): Modules\Inspections\Controllers\Inspections->get_table()
#10 C:\OSPanel\domains\testfregat2\system\CodeIgniter.php(941): Modules\Inspections\Controllers\Inspections->search()
#11 C:\OSPanel\domains\testfregat2\system\CodeIgniter.php(502): CodeIgniter\CodeIgniter->runController()
#12 C:\OSPanel\domains\testfregat2\system\CodeIgniter.php(361): CodeIgniter\CodeIgniter->handleRequest()
#13 C:\OSPanel\domains\testfregat2\public\index.php(79): CodeIgniter\CodeIgniter->run()
#14 {main}
CRITICAL - 2024-02-10 22:14:40 --> CodeIgniter\Database\Exceptions\DatabaseException: pg_query(): Query failed: ОШИБКА:  неверный синтаксис для типа date: &quot;&quot;
LINE 8: &quot;inspections&quot;.&quot;period_start&quot; &lt;= ''
                                        ^
in SYSTEMPATH\Database\BaseConnection.php on line 647.
 1 SYSTEMPATH\Database\BaseBuilder.php(1700): CodeIgniter\Database\BaseConnection->query()
 2 SYSTEMPATH\Model.php(624): CodeIgniter\Database\BaseBuilder->countAllResults()
 3 SYSTEMPATH\BaseModel.php(1239): CodeIgniter\Model->countAllResults()
 4 ROOTPATH\modules\Inspections\Models\M_Inspections.php(72): CodeIgniter\BaseModel->paginate()
 5 ROOTPATH\modules\Inspections\Controllers\Inspections.php(57): Modules\Inspections\Models\M_inspections->getPagination()
 6 ROOTPATH\modules\Inspections\Controllers\Inspections.php(69): Modules\Inspections\Controllers\Inspections->get_table()
 7 SYSTEMPATH\CodeIgniter.php(941): Modules\Inspections\Controllers\Inspections->search()
 8 SYSTEMPATH\CodeIgniter.php(502): CodeIgniter\CodeIgniter->runController()
 9 SYSTEMPATH\CodeIgniter.php(361): CodeIgniter\CodeIgniter->handleRequest()
10 FCPATH\index.php(79): CodeIgniter\CodeIgniter->run()
CRITICAL - 2024-02-10 22:14:40 --> [Caused by] CodeIgniter\Database\Exceptions\DatabaseException: pg_query(): Query failed: ОШИБКА:  неверный синтаксис для типа date: &quot;&quot;
LINE 8: &quot;inspections&quot;.&quot;period_start&quot; &lt;= ''
                                        ^
in SYSTEMPATH\Database\Postgre\Connection.php on line 192.
 1 SYSTEMPATH\Database\BaseConnection.php(693): CodeIgniter\Database\Postgre\Connection->execute()
 2 SYSTEMPATH\Database\BaseConnection.php(607): CodeIgniter\Database\BaseConnection->simpleQuery()
 3 SYSTEMPATH\Database\BaseBuilder.php(1700): CodeIgniter\Database\BaseConnection->query()
 4 SYSTEMPATH\Model.php(624): CodeIgniter\Database\BaseBuilder->countAllResults()
 5 SYSTEMPATH\BaseModel.php(1239): CodeIgniter\Model->countAllResults()
 6 ROOTPATH\modules\Inspections\Models\M_Inspections.php(72): CodeIgniter\BaseModel->paginate()
 7 ROOTPATH\modules\Inspections\Controllers\Inspections.php(57): Modules\Inspections\Models\M_inspections->getPagination()
 8 ROOTPATH\modules\Inspections\Controllers\Inspections.php(69): Modules\Inspections\Controllers\Inspections->get_table()
 9 SYSTEMPATH\CodeIgniter.php(941): Modules\Inspections\Controllers\Inspections->search()
10 SYSTEMPATH\CodeIgniter.php(502): CodeIgniter\CodeIgniter->runController()
11 SYSTEMPATH\CodeIgniter.php(361): CodeIgniter\CodeIgniter->handleRequest()
12 FCPATH\index.php(79): CodeIgniter\CodeIgniter->run()
CRITICAL - 2024-02-10 22:14:40 --> [Caused by] ErrorException: pg_query(): Query failed: ОШИБКА:  неверный синтаксис для типа date: &quot;&quot;
LINE 8: &quot;inspections&quot;.&quot;period_start&quot; &lt;= ''
                                        ^
in SYSTEMPATH\Database\Postgre\Connection.php on line 187.
 1 [internal function]: CodeIgniter\Debug\Exceptions->errorHandler()
 2 SYSTEMPATH\Database\Postgre\Connection.php(187): pg_query()
 3 SYSTEMPATH\Database\BaseConnection.php(693): CodeIgniter\Database\Postgre\Connection->execute()
 4 SYSTEMPATH\Database\BaseConnection.php(607): CodeIgniter\Database\BaseConnection->simpleQuery()
 5 SYSTEMPATH\Database\BaseBuilder.php(1700): CodeIgniter\Database\BaseConnection->query()
 6 SYSTEMPATH\Model.php(624): CodeIgniter\Database\BaseBuilder->countAllResults()
 7 SYSTEMPATH\BaseModel.php(1239): CodeIgniter\Model->countAllResults()
 8 ROOTPATH\modules\Inspections\Models\M_Inspections.php(72): CodeIgniter\BaseModel->paginate()
 9 ROOTPATH\modules\Inspections\Controllers\Inspections.php(57): Modules\Inspections\Models\M_inspections->getPagination()
10 ROOTPATH\modules\Inspections\Controllers\Inspections.php(69): Modules\Inspections\Controllers\Inspections->get_table()
11 SYSTEMPATH\CodeIgniter.php(941): Modules\Inspections\Controllers\Inspections->search()
12 SYSTEMPATH\CodeIgniter.php(502): CodeIgniter\CodeIgniter->runController()
13 SYSTEMPATH\CodeIgniter.php(361): CodeIgniter\CodeIgniter->handleRequest()
14 FCPATH\index.php(79): CodeIgniter\CodeIgniter->run()
ERROR - 2024-02-10 22:16:00 --> ErrorException: pg_query(): Query failed: ОШИБКА:  неверный синтаксис для типа date: &quot;&quot;
LINE 8: &quot;inspections&quot;.&quot;period_start&quot; &lt;= ''
                                        ^ in C:\OSPanel\domains\testfregat2\system\Database\Postgre\Connection.php:187
Stack trace:
#0 [internal function]: CodeIgniter\Debug\Exceptions->errorHandler()
#1 C:\OSPanel\domains\testfregat2\system\Database\Postgre\Connection.php(187): pg_query()
#2 C:\OSPanel\domains\testfregat2\system\Database\BaseConnection.php(693): CodeIgniter\Database\Postgre\Connection->execute()
#3 C:\OSPanel\domains\testfregat2\system\Database\BaseConnection.php(607): CodeIgniter\Database\BaseConnection->simpleQuery()
#4 C:\OSPanel\domains\testfregat2\system\Database\BaseBuilder.php(1700): CodeIgniter\Database\BaseConnection->query()
#5 C:\OSPanel\domains\testfregat2\system\Model.php(624): CodeIgniter\Database\BaseBuilder->countAllResults()
#6 C:\OSPanel\domains\testfregat2\system\BaseModel.php(1239): CodeIgniter\Model->countAllResults()
#7 C:\OSPanel\domains\testfregat2\modules\Inspections\Models\M_Inspections.php(72): CodeIgniter\BaseModel->paginate()
#8 C:\OSPanel\domains\testfregat2\modules\Inspections\Controllers\Inspections.php(57): Modules\Inspections\Models\M_inspections->getPagination()
#9 C:\OSPanel\domains\testfregat2\modules\Inspections\Controllers\Inspections.php(69): Modules\Inspections\Controllers\Inspections->get_table()
#10 C:\OSPanel\domains\testfregat2\system\CodeIgniter.php(941): Modules\Inspections\Controllers\Inspections->search()
#11 C:\OSPanel\domains\testfregat2\system\CodeIgniter.php(502): CodeIgniter\CodeIgniter->runController()
#12 C:\OSPanel\domains\testfregat2\system\CodeIgniter.php(361): CodeIgniter\CodeIgniter->handleRequest()
#13 C:\OSPanel\domains\testfregat2\public\index.php(79): CodeIgniter\CodeIgniter->run()
#14 {main}
CRITICAL - 2024-02-10 22:16:00 --> CodeIgniter\Database\Exceptions\DatabaseException: pg_query(): Query failed: ОШИБКА:  неверный синтаксис для типа date: &quot;&quot;
LINE 8: &quot;inspections&quot;.&quot;period_start&quot; &lt;= ''
                                        ^
in SYSTEMPATH\Database\BaseConnection.php on line 647.
 1 SYSTEMPATH\Database\BaseBuilder.php(1700): CodeIgniter\Database\BaseConnection->query()
 2 SYSTEMPATH\Model.php(624): CodeIgniter\Database\BaseBuilder->countAllResults()
 3 SYSTEMPATH\BaseModel.php(1239): CodeIgniter\Model->countAllResults()
 4 ROOTPATH\modules\Inspections\Models\M_Inspections.php(72): CodeIgniter\BaseModel->paginate()
 5 ROOTPATH\modules\Inspections\Controllers\Inspections.php(57): Modules\Inspections\Models\M_inspections->getPagination()
 6 ROOTPATH\modules\Inspections\Controllers\Inspections.php(69): Modules\Inspections\Controllers\Inspections->get_table()
 7 SYSTEMPATH\CodeIgniter.php(941): Modules\Inspections\Controllers\Inspections->search()
 8 SYSTEMPATH\CodeIgniter.php(502): CodeIgniter\CodeIgniter->runController()
 9 SYSTEMPATH\CodeIgniter.php(361): CodeIgniter\CodeIgniter->handleRequest()
10 FCPATH\index.php(79): CodeIgniter\CodeIgniter->run()
CRITICAL - 2024-02-10 22:16:00 --> [Caused by] CodeIgniter\Database\Exceptions\DatabaseException: pg_query(): Query failed: ОШИБКА:  неверный синтаксис для типа date: &quot;&quot;
LINE 8: &quot;inspections&quot;.&quot;period_start&quot; &lt;= ''
                                        ^
in SYSTEMPATH\Database\Postgre\Connection.php on line 192.
 1 SYSTEMPATH\Database\BaseConnection.php(693): CodeIgniter\Database\Postgre\Connection->execute()
 2 SYSTEMPATH\Database\BaseConnection.php(607): CodeIgniter\Database\BaseConnection->simpleQuery()
 3 SYSTEMPATH\Database\BaseBuilder.php(1700): CodeIgniter\Database\BaseConnection->query()
 4 SYSTEMPATH\Model.php(624): CodeIgniter\Database\BaseBuilder->countAllResults()
 5 SYSTEMPATH\BaseModel.php(1239): CodeIgniter\Model->countAllResults()
 6 ROOTPATH\modules\Inspections\Models\M_Inspections.php(72): CodeIgniter\BaseModel->paginate()
 7 ROOTPATH\modules\Inspections\Controllers\Inspections.php(57): Modules\Inspections\Models\M_inspections->getPagination()
 8 ROOTPATH\modules\Inspections\Controllers\Inspections.php(69): Modules\Inspections\Controllers\Inspections->get_table()
 9 SYSTEMPATH\CodeIgniter.php(941): Modules\Inspections\Controllers\Inspections->search()
10 SYSTEMPATH\CodeIgniter.php(502): CodeIgniter\CodeIgniter->runController()
11 SYSTEMPATH\CodeIgniter.php(361): CodeIgniter\CodeIgniter->handleRequest()
12 FCPATH\index.php(79): CodeIgniter\CodeIgniter->run()
CRITICAL - 2024-02-10 22:16:00 --> [Caused by] ErrorException: pg_query(): Query failed: ОШИБКА:  неверный синтаксис для типа date: &quot;&quot;
LINE 8: &quot;inspections&quot;.&quot;period_start&quot; &lt;= ''
                                        ^
in SYSTEMPATH\Database\Postgre\Connection.php on line 187.
 1 [internal function]: CodeIgniter\Debug\Exceptions->errorHandler()
 2 SYSTEMPATH\Database\Postgre\Connection.php(187): pg_query()
 3 SYSTEMPATH\Database\BaseConnection.php(693): CodeIgniter\Database\Postgre\Connection->execute()
 4 SYSTEMPATH\Database\BaseConnection.php(607): CodeIgniter\Database\BaseConnection->simpleQuery()
 5 SYSTEMPATH\Database\BaseBuilder.php(1700): CodeIgniter\Database\BaseConnection->query()
 6 SYSTEMPATH\Model.php(624): CodeIgniter\Database\BaseBuilder->countAllResults()
 7 SYSTEMPATH\BaseModel.php(1239): CodeIgniter\Model->countAllResults()
 8 ROOTPATH\modules\Inspections\Models\M_Inspections.php(72): CodeIgniter\BaseModel->paginate()
 9 ROOTPATH\modules\Inspections\Controllers\Inspections.php(57): Modules\Inspections\Models\M_inspections->getPagination()
10 ROOTPATH\modules\Inspections\Controllers\Inspections.php(69): Modules\Inspections\Controllers\Inspections->get_table()
11 SYSTEMPATH\CodeIgniter.php(941): Modules\Inspections\Controllers\Inspections->search()
12 SYSTEMPATH\CodeIgniter.php(502): CodeIgniter\CodeIgniter->runController()
13 SYSTEMPATH\CodeIgniter.php(361): CodeIgniter\CodeIgniter->handleRequest()
14 FCPATH\index.php(79): CodeIgniter\CodeIgniter->run()
ERROR - 2024-02-10 22:16:11 --> ErrorException: pg_query(): Query failed: ОШИБКА:  неверный синтаксис для типа date: &quot;&quot;
LINE 8: &quot;inspections&quot;.&quot;period_start&quot; &lt;= ''
                                        ^ in C:\OSPanel\domains\testfregat2\system\Database\Postgre\Connection.php:187
Stack trace:
#0 [internal function]: CodeIgniter\Debug\Exceptions->errorHandler()
#1 C:\OSPanel\domains\testfregat2\system\Database\Postgre\Connection.php(187): pg_query()
#2 C:\OSPanel\domains\testfregat2\system\Database\BaseConnection.php(693): CodeIgniter\Database\Postgre\Connection->execute()
#3 C:\OSPanel\domains\testfregat2\system\Database\BaseConnection.php(607): CodeIgniter\Database\BaseConnection->simpleQuery()
#4 C:\OSPanel\domains\testfregat2\system\Database\BaseBuilder.php(1700): CodeIgniter\Database\BaseConnection->query()
#5 C:\OSPanel\domains\testfregat2\system\Model.php(624): CodeIgniter\Database\BaseBuilder->countAllResults()
#6 C:\OSPanel\domains\testfregat2\system\BaseModel.php(1239): CodeIgniter\Model->countAllResults()
#7 C:\OSPanel\domains\testfregat2\modules\Inspections\Models\M_Inspections.php(72): CodeIgniter\BaseModel->paginate()
#8 C:\OSPanel\domains\testfregat2\modules\Inspections\Controllers\Inspections.php(57): Modules\Inspections\Models\M_inspections->getPagination()
#9 C:\OSPanel\domains\testfregat2\modules\Inspections\Controllers\Inspections.php(69): Modules\Inspections\Controllers\Inspections->get_table()
#10 C:\OSPanel\domains\testfregat2\system\CodeIgniter.php(941): Modules\Inspections\Controllers\Inspections->search()
#11 C:\OSPanel\domains\testfregat2\system\CodeIgniter.php(502): CodeIgniter\CodeIgniter->runController()
#12 C:\OSPanel\domains\testfregat2\system\CodeIgniter.php(361): CodeIgniter\CodeIgniter->handleRequest()
#13 C:\OSPanel\domains\testfregat2\public\index.php(79): CodeIgniter\CodeIgniter->run()
#14 {main}
CRITICAL - 2024-02-10 22:16:11 --> CodeIgniter\Database\Exceptions\DatabaseException: pg_query(): Query failed: ОШИБКА:  неверный синтаксис для типа date: &quot;&quot;
LINE 8: &quot;inspections&quot;.&quot;period_start&quot; &lt;= ''
                                        ^
in SYSTEMPATH\Database\BaseConnection.php on line 647.
 1 SYSTEMPATH\Database\BaseBuilder.php(1700): CodeIgniter\Database\BaseConnection->query()
 2 SYSTEMPATH\Model.php(624): CodeIgniter\Database\BaseBuilder->countAllResults()
 3 SYSTEMPATH\BaseModel.php(1239): CodeIgniter\Model->countAllResults()
 4 ROOTPATH\modules\Inspections\Models\M_Inspections.php(72): CodeIgniter\BaseModel->paginate()
 5 ROOTPATH\modules\Inspections\Controllers\Inspections.php(57): Modules\Inspections\Models\M_inspections->getPagination()
 6 ROOTPATH\modules\Inspections\Controllers\Inspections.php(69): Modules\Inspections\Controllers\Inspections->get_table()
 7 SYSTEMPATH\CodeIgniter.php(941): Modules\Inspections\Controllers\Inspections->search()
 8 SYSTEMPATH\CodeIgniter.php(502): CodeIgniter\CodeIgniter->runController()
 9 SYSTEMPATH\CodeIgniter.php(361): CodeIgniter\CodeIgniter->handleRequest()
10 FCPATH\index.php(79): CodeIgniter\CodeIgniter->run()
CRITICAL - 2024-02-10 22:16:11 --> [Caused by] CodeIgniter\Database\Exceptions\DatabaseException: pg_query(): Query failed: ОШИБКА:  неверный синтаксис для типа date: &quot;&quot;
LINE 8: &quot;inspections&quot;.&quot;period_start&quot; &lt;= ''
                                        ^
in SYSTEMPATH\Database\Postgre\Connection.php on line 192.
 1 SYSTEMPATH\Database\BaseConnection.php(693): CodeIgniter\Database\Postgre\Connection->execute()
 2 SYSTEMPATH\Database\BaseConnection.php(607): CodeIgniter\Database\BaseConnection->simpleQuery()
 3 SYSTEMPATH\Database\BaseBuilder.php(1700): CodeIgniter\Database\BaseConnection->query()
 4 SYSTEMPATH\Model.php(624): CodeIgniter\Database\BaseBuilder->countAllResults()
 5 SYSTEMPATH\BaseModel.php(1239): CodeIgniter\Model->countAllResults()
 6 ROOTPATH\modules\Inspections\Models\M_Inspections.php(72): CodeIgniter\BaseModel->paginate()
 7 ROOTPATH\modules\Inspections\Controllers\Inspections.php(57): Modules\Inspections\Models\M_inspections->getPagination()
 8 ROOTPATH\modules\Inspections\Controllers\Inspections.php(69): Modules\Inspections\Controllers\Inspections->get_table()
 9 SYSTEMPATH\CodeIgniter.php(941): Modules\Inspections\Controllers\Inspections->search()
10 SYSTEMPATH\CodeIgniter.php(502): CodeIgniter\CodeIgniter->runController()
11 SYSTEMPATH\CodeIgniter.php(361): CodeIgniter\CodeIgniter->handleRequest()
12 FCPATH\index.php(79): CodeIgniter\CodeIgniter->run()
CRITICAL - 2024-02-10 22:16:11 --> [Caused by] ErrorException: pg_query(): Query failed: ОШИБКА:  неверный синтаксис для типа date: &quot;&quot;
LINE 8: &quot;inspections&quot;.&quot;period_start&quot; &lt;= ''
                                        ^
in SYSTEMPATH\Database\Postgre\Connection.php on line 187.
 1 [internal function]: CodeIgniter\Debug\Exceptions->errorHandler()
 2 SYSTEMPATH\Database\Postgre\Connection.php(187): pg_query()
 3 SYSTEMPATH\Database\BaseConnection.php(693): CodeIgniter\Database\Postgre\Connection->execute()
 4 SYSTEMPATH\Database\BaseConnection.php(607): CodeIgniter\Database\BaseConnection->simpleQuery()
 5 SYSTEMPATH\Database\BaseBuilder.php(1700): CodeIgniter\Database\BaseConnection->query()
 6 SYSTEMPATH\Model.php(624): CodeIgniter\Database\BaseBuilder->countAllResults()
 7 SYSTEMPATH\BaseModel.php(1239): CodeIgniter\Model->countAllResults()
 8 ROOTPATH\modules\Inspections\Models\M_Inspections.php(72): CodeIgniter\BaseModel->paginate()
 9 ROOTPATH\modules\Inspections\Controllers\Inspections.php(57): Modules\Inspections\Models\M_inspections->getPagination()
10 ROOTPATH\modules\Inspections\Controllers\Inspections.php(69): Modules\Inspections\Controllers\Inspections->get_table()
11 SYSTEMPATH\CodeIgniter.php(941): Modules\Inspections\Controllers\Inspections->search()
12 SYSTEMPATH\CodeIgniter.php(502): CodeIgniter\CodeIgniter->runController()
13 SYSTEMPATH\CodeIgniter.php(361): CodeIgniter\CodeIgniter->handleRequest()
14 FCPATH\index.php(79): CodeIgniter\CodeIgniter->run()
ERROR - 2024-02-10 22:22:26 --> ErrorException: pg_query(): Query failed: ОШИБКА:  неверный синтаксис для типа date: &quot;&quot;
LINE 8: &quot;inspections&quot;.&quot;period_start&quot; &lt;= ''
                                        ^ in C:\OSPanel\domains\testfregat2\system\Database\Postgre\Connection.php:187
Stack trace:
#0 [internal function]: CodeIgniter\Debug\Exceptions->errorHandler()
#1 C:\OSPanel\domains\testfregat2\system\Database\Postgre\Connection.php(187): pg_query()
#2 C:\OSPanel\domains\testfregat2\system\Database\BaseConnection.php(693): CodeIgniter\Database\Postgre\Connection->execute()
#3 C:\OSPanel\domains\testfregat2\system\Database\BaseConnection.php(607): CodeIgniter\Database\BaseConnection->simpleQuery()
#4 C:\OSPanel\domains\testfregat2\system\Database\BaseBuilder.php(1700): CodeIgniter\Database\BaseConnection->query()
#5 C:\OSPanel\domains\testfregat2\system\Model.php(624): CodeIgniter\Database\BaseBuilder->countAllResults()
#6 C:\OSPanel\domains\testfregat2\system\BaseModel.php(1239): CodeIgniter\Model->countAllResults()
#7 C:\OSPanel\domains\testfregat2\modules\Inspections\Models\M_Inspections.php(72): CodeIgniter\BaseModel->paginate()
#8 C:\OSPanel\domains\testfregat2\modules\Inspections\Controllers\Inspections.php(57): Modules\Inspections\Models\M_inspections->getPagination()
#9 C:\OSPanel\domains\testfregat2\modules\Inspections\Controllers\Inspections.php(69): Modules\Inspections\Controllers\Inspections->get_table()
#10 C:\OSPanel\domains\testfregat2\system\CodeIgniter.php(941): Modules\Inspections\Controllers\Inspections->search()
#11 C:\OSPanel\domains\testfregat2\system\CodeIgniter.php(502): CodeIgniter\CodeIgniter->runController()
#12 C:\OSPanel\domains\testfregat2\system\CodeIgniter.php(361): CodeIgniter\CodeIgniter->handleRequest()
#13 C:\OSPanel\domains\testfregat2\public\index.php(79): CodeIgniter\CodeIgniter->run()
#14 {main}
CRITICAL - 2024-02-10 22:22:26 --> CodeIgniter\Database\Exceptions\DatabaseException: pg_query(): Query failed: ОШИБКА:  неверный синтаксис для типа date: &quot;&quot;
LINE 8: &quot;inspections&quot;.&quot;period_start&quot; &lt;= ''
                                        ^
in SYSTEMPATH\Database\BaseConnection.php on line 647.
 1 SYSTEMPATH\Database\BaseBuilder.php(1700): CodeIgniter\Database\BaseConnection->query()
 2 SYSTEMPATH\Model.php(624): CodeIgniter\Database\BaseBuilder->countAllResults()
 3 SYSTEMPATH\BaseModel.php(1239): CodeIgniter\Model->countAllResults()
 4 ROOTPATH\modules\Inspections\Models\M_Inspections.php(72): CodeIgniter\BaseModel->paginate()
 5 ROOTPATH\modules\Inspections\Controllers\Inspections.php(57): Modules\Inspections\Models\M_inspections->getPagination()
 6 ROOTPATH\modules\Inspections\Controllers\Inspections.php(69): Modules\Inspections\Controllers\Inspections->get_table()
 7 SYSTEMPATH\CodeIgniter.php(941): Modules\Inspections\Controllers\Inspections->search()
 8 SYSTEMPATH\CodeIgniter.php(502): CodeIgniter\CodeIgniter->runController()
 9 SYSTEMPATH\CodeIgniter.php(361): CodeIgniter\CodeIgniter->handleRequest()
10 FCPATH\index.php(79): CodeIgniter\CodeIgniter->run()
CRITICAL - 2024-02-10 22:22:26 --> [Caused by] CodeIgniter\Database\Exceptions\DatabaseException: pg_query(): Query failed: ОШИБКА:  неверный синтаксис для типа date: &quot;&quot;
LINE 8: &quot;inspections&quot;.&quot;period_start&quot; &lt;= ''
                                        ^
in SYSTEMPATH\Database\Postgre\Connection.php on line 192.
 1 SYSTEMPATH\Database\BaseConnection.php(693): CodeIgniter\Database\Postgre\Connection->execute()
 2 SYSTEMPATH\Database\BaseConnection.php(607): CodeIgniter\Database\BaseConnection->simpleQuery()
 3 SYSTEMPATH\Database\BaseBuilder.php(1700): CodeIgniter\Database\BaseConnection->query()
 4 SYSTEMPATH\Model.php(624): CodeIgniter\Database\BaseBuilder->countAllResults()
 5 SYSTEMPATH\BaseModel.php(1239): CodeIgniter\Model->countAllResults()
 6 ROOTPATH\modules\Inspections\Models\M_Inspections.php(72): CodeIgniter\BaseModel->paginate()
 7 ROOTPATH\modules\Inspections\Controllers\Inspections.php(57): Modules\Inspections\Models\M_inspections->getPagination()
 8 ROOTPATH\modules\Inspections\Controllers\Inspections.php(69): Modules\Inspections\Controllers\Inspections->get_table()
 9 SYSTEMPATH\CodeIgniter.php(941): Modules\Inspections\Controllers\Inspections->search()
10 SYSTEMPATH\CodeIgniter.php(502): CodeIgniter\CodeIgniter->runController()
11 SYSTEMPATH\CodeIgniter.php(361): CodeIgniter\CodeIgniter->handleRequest()
12 FCPATH\index.php(79): CodeIgniter\CodeIgniter->run()
CRITICAL - 2024-02-10 22:22:26 --> [Caused by] ErrorException: pg_query(): Query failed: ОШИБКА:  неверный синтаксис для типа date: &quot;&quot;
LINE 8: &quot;inspections&quot;.&quot;period_start&quot; &lt;= ''
                                        ^
in SYSTEMPATH\Database\Postgre\Connection.php on line 187.
 1 [internal function]: CodeIgniter\Debug\Exceptions->errorHandler()
 2 SYSTEMPATH\Database\Postgre\Connection.php(187): pg_query()
 3 SYSTEMPATH\Database\BaseConnection.php(693): CodeIgniter\Database\Postgre\Connection->execute()
 4 SYSTEMPATH\Database\BaseConnection.php(607): CodeIgniter\Database\BaseConnection->simpleQuery()
 5 SYSTEMPATH\Database\BaseBuilder.php(1700): CodeIgniter\Database\BaseConnection->query()
 6 SYSTEMPATH\Model.php(624): CodeIgniter\Database\BaseBuilder->countAllResults()
 7 SYSTEMPATH\BaseModel.php(1239): CodeIgniter\Model->countAllResults()
 8 ROOTPATH\modules\Inspections\Models\M_Inspections.php(72): CodeIgniter\BaseModel->paginate()
 9 ROOTPATH\modules\Inspections\Controllers\Inspections.php(57): Modules\Inspections\Models\M_inspections->getPagination()
10 ROOTPATH\modules\Inspections\Controllers\Inspections.php(69): Modules\Inspections\Controllers\Inspections->get_table()
11 SYSTEMPATH\CodeIgniter.php(941): Modules\Inspections\Controllers\Inspections->search()
12 SYSTEMPATH\CodeIgniter.php(502): CodeIgniter\CodeIgniter->runController()
13 SYSTEMPATH\CodeIgniter.php(361): CodeIgniter\CodeIgniter->handleRequest()
14 FCPATH\index.php(79): CodeIgniter\CodeIgniter->run()
CRITICAL - 2024-02-10 22:23:57 --> ParseError: syntax error, unexpected token "if"
in ROOTPATH\modules\Inspections\Models\M_Inspections.php on line 65.
 1 SYSTEMPATH\Autoloader\Autoloader.php(288): CodeIgniter\Autoloader\Autoloader->includeFile()
 2 SYSTEMPATH\Autoloader\Autoloader.php(266): CodeIgniter\Autoloader\Autoloader->loadInNamespace()
 3 ROOTPATH\modules\Inspections\Controllers\Inspections.php(51): CodeIgniter\Autoloader\Autoloader->loadClass()
 4 SYSTEMPATH\CodeIgniter.php(941): Modules\Inspections\Controllers\Inspections->get_table()
 5 SYSTEMPATH\CodeIgniter.php(502): CodeIgniter\CodeIgniter->runController()
 6 SYSTEMPATH\CodeIgniter.php(361): CodeIgniter\CodeIgniter->handleRequest()
 7 FCPATH\index.php(79): CodeIgniter\CodeIgniter->run()
CRITICAL - 2024-02-10 22:24:04 --> ParseError: syntax error, unexpected token "if"
in ROOTPATH\modules\Inspections\Models\M_Inspections.php on line 65.
 1 SYSTEMPATH\Autoloader\Autoloader.php(288): CodeIgniter\Autoloader\Autoloader->includeFile()
 2 SYSTEMPATH\Autoloader\Autoloader.php(266): CodeIgniter\Autoloader\Autoloader->loadInNamespace()
 3 ROOTPATH\modules\Inspections\Controllers\Inspections.php(51): CodeIgniter\Autoloader\Autoloader->loadClass()
 4 SYSTEMPATH\CodeIgniter.php(941): Modules\Inspections\Controllers\Inspections->get_table()
 5 SYSTEMPATH\CodeIgniter.php(502): CodeIgniter\CodeIgniter->runController()
 6 SYSTEMPATH\CodeIgniter.php(361): CodeIgniter\CodeIgniter->handleRequest()
 7 FCPATH\index.php(79): CodeIgniter\CodeIgniter->run()
CRITICAL - 2024-02-10 22:24:06 --> ParseError: syntax error, unexpected token "if"
in ROOTPATH\modules\Inspections\Models\M_Inspections.php on line 65.
 1 SYSTEMPATH\Autoloader\Autoloader.php(288): CodeIgniter\Autoloader\Autoloader->includeFile()
 2 SYSTEMPATH\Autoloader\Autoloader.php(266): CodeIgniter\Autoloader\Autoloader->loadInNamespace()
 3 ROOTPATH\modules\Inspections\Controllers\Inspections.php(51): CodeIgniter\Autoloader\Autoloader->loadClass()
 4 SYSTEMPATH\CodeIgniter.php(941): Modules\Inspections\Controllers\Inspections->get_table()
 5 SYSTEMPATH\CodeIgniter.php(502): CodeIgniter\CodeIgniter->runController()
 6 SYSTEMPATH\CodeIgniter.php(361): CodeIgniter\CodeIgniter->handleRequest()
 7 FCPATH\index.php(79): CodeIgniter\CodeIgniter->run()
CRITICAL - 2024-02-10 22:24:08 --> ParseError: syntax error, unexpected token "if"
in ROOTPATH\modules\Inspections\Models\M_Inspections.php on line 65.
 1 SYSTEMPATH\Autoloader\Autoloader.php(288): CodeIgniter\Autoloader\Autoloader->includeFile()
 2 SYSTEMPATH\Autoloader\Autoloader.php(266): CodeIgniter\Autoloader\Autoloader->loadInNamespace()
 3 ROOTPATH\modules\Inspections\Controllers\Inspections.php(51): CodeIgniter\Autoloader\Autoloader->loadClass()
 4 SYSTEMPATH\CodeIgniter.php(941): Modules\Inspections\Controllers\Inspections->get_table()
 5 SYSTEMPATH\CodeIgniter.php(502): CodeIgniter\CodeIgniter->runController()
 6 SYSTEMPATH\CodeIgniter.php(361): CodeIgniter\CodeIgniter->handleRequest()
 7 FCPATH\index.php(79): CodeIgniter\CodeIgniter->run()
CRITICAL - 2024-02-10 22:24:09 --> ParseError: syntax error, unexpected token "if"
in ROOTPATH\modules\Inspections\Models\M_Inspections.php on line 65.
 1 SYSTEMPATH\Autoloader\Autoloader.php(288): CodeIgniter\Autoloader\Autoloader->includeFile()
 2 SYSTEMPATH\Autoloader\Autoloader.php(266): CodeIgniter\Autoloader\Autoloader->loadInNamespace()
 3 ROOTPATH\modules\Inspections\Controllers\Inspections.php(51): CodeIgniter\Autoloader\Autoloader->loadClass()
 4 SYSTEMPATH\CodeIgniter.php(941): Modules\Inspections\Controllers\Inspections->get_table()
 5 SYSTEMPATH\CodeIgniter.php(502): CodeIgniter\CodeIgniter->runController()
 6 SYSTEMPATH\CodeIgniter.php(361): CodeIgniter\CodeIgniter->handleRequest()
 7 FCPATH\index.php(79): CodeIgniter\CodeIgniter->run()
ERROR - 2024-02-10 22:33:12 --> ErrorException: pg_query(): Query failed: ОШИБКА:  неверный синтаксис для типа date: &quot;&quot;
LINE 7: AND &quot;inspections&quot;.&quot;period_start&quot; &lt;= ''
                                            ^ in C:\OSPanel\domains\testfregat2\system\Database\Postgre\Connection.php:187
Stack trace:
#0 [internal function]: CodeIgniter\Debug\Exceptions->errorHandler()
#1 C:\OSPanel\domains\testfregat2\system\Database\Postgre\Connection.php(187): pg_query()
#2 C:\OSPanel\domains\testfregat2\system\Database\BaseConnection.php(693): CodeIgniter\Database\Postgre\Connection->execute()
#3 C:\OSPanel\domains\testfregat2\system\Database\BaseConnection.php(607): CodeIgniter\Database\BaseConnection->simpleQuery()
#4 C:\OSPanel\domains\testfregat2\system\Database\BaseBuilder.php(1700): CodeIgniter\Database\BaseConnection->query()
#5 C:\OSPanel\domains\testfregat2\system\Model.php(624): CodeIgniter\Database\BaseBuilder->countAllResults()
#6 C:\OSPanel\domains\testfregat2\system\BaseModel.php(1239): CodeIgniter\Model->countAllResults()
#7 C:\OSPanel\domains\testfregat2\modules\Inspections\Models\M_Inspections.php(76): CodeIgniter\BaseModel->paginate()
#8 C:\OSPanel\domains\testfregat2\modules\Inspections\Controllers\Inspections.php(57): Modules\Inspections\Models\M_inspections->getPagination()
#9 C:\OSPanel\domains\testfregat2\modules\Inspections\Controllers\Inspections.php(77): Modules\Inspections\Controllers\Inspections->get_table()
#10 C:\OSPanel\domains\testfregat2\system\CodeIgniter.php(941): Modules\Inspections\Controllers\Inspections->search()
#11 C:\OSPanel\domains\testfregat2\system\CodeIgniter.php(502): CodeIgniter\CodeIgniter->runController()
#12 C:\OSPanel\domains\testfregat2\system\CodeIgniter.php(361): CodeIgniter\CodeIgniter->handleRequest()
#13 C:\OSPanel\domains\testfregat2\public\index.php(79): CodeIgniter\CodeIgniter->run()
#14 {main}
CRITICAL - 2024-02-10 22:33:12 --> CodeIgniter\Database\Exceptions\DatabaseException: pg_query(): Query failed: ОШИБКА:  неверный синтаксис для типа date: &quot;&quot;
LINE 7: AND &quot;inspections&quot;.&quot;period_start&quot; &lt;= ''
                                            ^
in SYSTEMPATH\Database\BaseConnection.php on line 647.
 1 SYSTEMPATH\Database\BaseBuilder.php(1700): CodeIgniter\Database\BaseConnection->query()
 2 SYSTEMPATH\Model.php(624): CodeIgniter\Database\BaseBuilder->countAllResults()
 3 SYSTEMPATH\BaseModel.php(1239): CodeIgniter\Model->countAllResults()
 4 ROOTPATH\modules\Inspections\Models\M_Inspections.php(76): CodeIgniter\BaseModel->paginate()
 5 ROOTPATH\modules\Inspections\Controllers\Inspections.php(57): Modules\Inspections\Models\M_inspections->getPagination()
 6 ROOTPATH\modules\Inspections\Controllers\Inspections.php(77): Modules\Inspections\Controllers\Inspections->get_table()
 7 SYSTEMPATH\CodeIgniter.php(941): Modules\Inspections\Controllers\Inspections->search()
 8 SYSTEMPATH\CodeIgniter.php(502): CodeIgniter\CodeIgniter->runController()
 9 SYSTEMPATH\CodeIgniter.php(361): CodeIgniter\CodeIgniter->handleRequest()
10 FCPATH\index.php(79): CodeIgniter\CodeIgniter->run()
CRITICAL - 2024-02-10 22:33:12 --> [Caused by] CodeIgniter\Database\Exceptions\DatabaseException: pg_query(): Query failed: ОШИБКА:  неверный синтаксис для типа date: &quot;&quot;
LINE 7: AND &quot;inspections&quot;.&quot;period_start&quot; &lt;= ''
                                            ^
in SYSTEMPATH\Database\Postgre\Connection.php on line 192.
 1 SYSTEMPATH\Database\BaseConnection.php(693): CodeIgniter\Database\Postgre\Connection->execute()
 2 SYSTEMPATH\Database\BaseConnection.php(607): CodeIgniter\Database\BaseConnection->simpleQuery()
 3 SYSTEMPATH\Database\BaseBuilder.php(1700): CodeIgniter\Database\BaseConnection->query()
 4 SYSTEMPATH\Model.php(624): CodeIgniter\Database\BaseBuilder->countAllResults()
 5 SYSTEMPATH\BaseModel.php(1239): CodeIgniter\Model->countAllResults()
 6 ROOTPATH\modules\Inspections\Models\M_Inspections.php(76): CodeIgniter\BaseModel->paginate()
 7 ROOTPATH\modules\Inspections\Controllers\Inspections.php(57): Modules\Inspections\Models\M_inspections->getPagination()
 8 ROOTPATH\modules\Inspections\Controllers\Inspections.php(77): Modules\Inspections\Controllers\Inspections->get_table()
 9 SYSTEMPATH\CodeIgniter.php(941): Modules\Inspections\Controllers\Inspections->search()
10 SYSTEMPATH\CodeIgniter.php(502): CodeIgniter\CodeIgniter->runController()
11 SYSTEMPATH\CodeIgniter.php(361): CodeIgniter\CodeIgniter->handleRequest()
12 FCPATH\index.php(79): CodeIgniter\CodeIgniter->run()
CRITICAL - 2024-02-10 22:33:12 --> [Caused by] ErrorException: pg_query(): Query failed: ОШИБКА:  неверный синтаксис для типа date: &quot;&quot;
LINE 7: AND &quot;inspections&quot;.&quot;period_start&quot; &lt;= ''
                                            ^
in SYSTEMPATH\Database\Postgre\Connection.php on line 187.
 1 [internal function]: CodeIgniter\Debug\Exceptions->errorHandler()
 2 SYSTEMPATH\Database\Postgre\Connection.php(187): pg_query()
 3 SYSTEMPATH\Database\BaseConnection.php(693): CodeIgniter\Database\Postgre\Connection->execute()
 4 SYSTEMPATH\Database\BaseConnection.php(607): CodeIgniter\Database\BaseConnection->simpleQuery()
 5 SYSTEMPATH\Database\BaseBuilder.php(1700): CodeIgniter\Database\BaseConnection->query()
 6 SYSTEMPATH\Model.php(624): CodeIgniter\Database\BaseBuilder->countAllResults()
 7 SYSTEMPATH\BaseModel.php(1239): CodeIgniter\Model->countAllResults()
 8 ROOTPATH\modules\Inspections\Models\M_Inspections.php(76): CodeIgniter\BaseModel->paginate()
 9 ROOTPATH\modules\Inspections\Controllers\Inspections.php(57): Modules\Inspections\Models\M_inspections->getPagination()
10 ROOTPATH\modules\Inspections\Controllers\Inspections.php(77): Modules\Inspections\Controllers\Inspections->get_table()
11 SYSTEMPATH\CodeIgniter.php(941): Modules\Inspections\Controllers\Inspections->search()
12 SYSTEMPATH\CodeIgniter.php(502): CodeIgniter\CodeIgniter->runController()
13 SYSTEMPATH\CodeIgniter.php(361): CodeIgniter\CodeIgniter->handleRequest()
14 FCPATH\index.php(79): CodeIgniter\CodeIgniter->run()
ERROR - 2024-02-10 22:33:22 --> ErrorException: pg_query(): Query failed: ОШИБКА:  неверный синтаксис для типа date: &quot;&quot;
LINE 7: AND &quot;inspections&quot;.&quot;period_start&quot; &lt;= ''
                                            ^ in C:\OSPanel\domains\testfregat2\system\Database\Postgre\Connection.php:187
Stack trace:
#0 [internal function]: CodeIgniter\Debug\Exceptions->errorHandler()
#1 C:\OSPanel\domains\testfregat2\system\Database\Postgre\Connection.php(187): pg_query()
#2 C:\OSPanel\domains\testfregat2\system\Database\BaseConnection.php(693): CodeIgniter\Database\Postgre\Connection->execute()
#3 C:\OSPanel\domains\testfregat2\system\Database\BaseConnection.php(607): CodeIgniter\Database\BaseConnection->simpleQuery()
#4 C:\OSPanel\domains\testfregat2\system\Database\BaseBuilder.php(1700): CodeIgniter\Database\BaseConnection->query()
#5 C:\OSPanel\domains\testfregat2\system\Model.php(624): CodeIgniter\Database\BaseBuilder->countAllResults()
#6 C:\OSPanel\domains\testfregat2\system\BaseModel.php(1239): CodeIgniter\Model->countAllResults()
#7 C:\OSPanel\domains\testfregat2\modules\Inspections\Models\M_Inspections.php(76): CodeIgniter\BaseModel->paginate()
#8 C:\OSPanel\domains\testfregat2\modules\Inspections\Controllers\Inspections.php(57): Modules\Inspections\Models\M_inspections->getPagination()
#9 C:\OSPanel\domains\testfregat2\modules\Inspections\Controllers\Inspections.php(77): Modules\Inspections\Controllers\Inspections->get_table()
#10 C:\OSPanel\domains\testfregat2\system\CodeIgniter.php(941): Modules\Inspections\Controllers\Inspections->search()
#11 C:\OSPanel\domains\testfregat2\system\CodeIgniter.php(502): CodeIgniter\CodeIgniter->runController()
#12 C:\OSPanel\domains\testfregat2\system\CodeIgniter.php(361): CodeIgniter\CodeIgniter->handleRequest()
#13 C:\OSPanel\domains\testfregat2\public\index.php(79): CodeIgniter\CodeIgniter->run()
#14 {main}
CRITICAL - 2024-02-10 22:33:22 --> CodeIgniter\Database\Exceptions\DatabaseException: pg_query(): Query failed: ОШИБКА:  неверный синтаксис для типа date: &quot;&quot;
LINE 7: AND &quot;inspections&quot;.&quot;period_start&quot; &lt;= ''
                                            ^
in SYSTEMPATH\Database\BaseConnection.php on line 647.
 1 SYSTEMPATH\Database\BaseBuilder.php(1700): CodeIgniter\Database\BaseConnection->query()
 2 SYSTEMPATH\Model.php(624): CodeIgniter\Database\BaseBuilder->countAllResults()
 3 SYSTEMPATH\BaseModel.php(1239): CodeIgniter\Model->countAllResults()
 4 ROOTPATH\modules\Inspections\Models\M_Inspections.php(76): CodeIgniter\BaseModel->paginate()
 5 ROOTPATH\modules\Inspections\Controllers\Inspections.php(57): Modules\Inspections\Models\M_inspections->getPagination()
 6 ROOTPATH\modules\Inspections\Controllers\Inspections.php(77): Modules\Inspections\Controllers\Inspections->get_table()
 7 SYSTEMPATH\CodeIgniter.php(941): Modules\Inspections\Controllers\Inspections->search()
 8 SYSTEMPATH\CodeIgniter.php(502): CodeIgniter\CodeIgniter->runController()
 9 SYSTEMPATH\CodeIgniter.php(361): CodeIgniter\CodeIgniter->handleRequest()
10 FCPATH\index.php(79): CodeIgniter\CodeIgniter->run()
CRITICAL - 2024-02-10 22:33:22 --> [Caused by] CodeIgniter\Database\Exceptions\DatabaseException: pg_query(): Query failed: ОШИБКА:  неверный синтаксис для типа date: &quot;&quot;
LINE 7: AND &quot;inspections&quot;.&quot;period_start&quot; &lt;= ''
                                            ^
in SYSTEMPATH\Database\Postgre\Connection.php on line 192.
 1 SYSTEMPATH\Database\BaseConnection.php(693): CodeIgniter\Database\Postgre\Connection->execute()
 2 SYSTEMPATH\Database\BaseConnection.php(607): CodeIgniter\Database\BaseConnection->simpleQuery()
 3 SYSTEMPATH\Database\BaseBuilder.php(1700): CodeIgniter\Database\BaseConnection->query()
 4 SYSTEMPATH\Model.php(624): CodeIgniter\Database\BaseBuilder->countAllResults()
 5 SYSTEMPATH\BaseModel.php(1239): CodeIgniter\Model->countAllResults()
 6 ROOTPATH\modules\Inspections\Models\M_Inspections.php(76): CodeIgniter\BaseModel->paginate()
 7 ROOTPATH\modules\Inspections\Controllers\Inspections.php(57): Modules\Inspections\Models\M_inspections->getPagination()
 8 ROOTPATH\modules\Inspections\Controllers\Inspections.php(77): Modules\Inspections\Controllers\Inspections->get_table()
 9 SYSTEMPATH\CodeIgniter.php(941): Modules\Inspections\Controllers\Inspections->search()
10 SYSTEMPATH\CodeIgniter.php(502): CodeIgniter\CodeIgniter->runController()
11 SYSTEMPATH\CodeIgniter.php(361): CodeIgniter\CodeIgniter->handleRequest()
12 FCPATH\index.php(79): CodeIgniter\CodeIgniter->run()
CRITICAL - 2024-02-10 22:33:22 --> [Caused by] ErrorException: pg_query(): Query failed: ОШИБКА:  неверный синтаксис для типа date: &quot;&quot;
LINE 7: AND &quot;inspections&quot;.&quot;period_start&quot; &lt;= ''
                                            ^
in SYSTEMPATH\Database\Postgre\Connection.php on line 187.
 1 [internal function]: CodeIgniter\Debug\Exceptions->errorHandler()
 2 SYSTEMPATH\Database\Postgre\Connection.php(187): pg_query()
 3 SYSTEMPATH\Database\BaseConnection.php(693): CodeIgniter\Database\Postgre\Connection->execute()
 4 SYSTEMPATH\Database\BaseConnection.php(607): CodeIgniter\Database\BaseConnection->simpleQuery()
 5 SYSTEMPATH\Database\BaseBuilder.php(1700): CodeIgniter\Database\BaseConnection->query()
 6 SYSTEMPATH\Model.php(624): CodeIgniter\Database\BaseBuilder->countAllResults()
 7 SYSTEMPATH\BaseModel.php(1239): CodeIgniter\Model->countAllResults()
 8 ROOTPATH\modules\Inspections\Models\M_Inspections.php(76): CodeIgniter\BaseModel->paginate()
 9 ROOTPATH\modules\Inspections\Controllers\Inspections.php(57): Modules\Inspections\Models\M_inspections->getPagination()
10 ROOTPATH\modules\Inspections\Controllers\Inspections.php(77): Modules\Inspections\Controllers\Inspections->get_table()
11 SYSTEMPATH\CodeIgniter.php(941): Modules\Inspections\Controllers\Inspections->search()
12 SYSTEMPATH\CodeIgniter.php(502): CodeIgniter\CodeIgniter->runController()
13 SYSTEMPATH\CodeIgniter.php(361): CodeIgniter\CodeIgniter->handleRequest()
14 FCPATH\index.php(79): CodeIgniter\CodeIgniter->run()
ERROR - 2024-02-10 22:35:48 --> ErrorException: pg_query(): Query failed: ОШИБКА:  неверный синтаксис для типа uuid: &quot;&quot;
LINE 2: WHERE &quot;inspections&quot;.&quot;id&quot; IN ('')
                                     ^ in C:\OSPanel\domains\testfregat2\system\Database\Postgre\Connection.php:187
Stack trace:
#0 [internal function]: CodeIgniter\Debug\Exceptions->errorHandler()
#1 C:\OSPanel\domains\testfregat2\system\Database\Postgre\Connection.php(187): pg_query()
#2 C:\OSPanel\domains\testfregat2\system\Database\BaseConnection.php(693): CodeIgniter\Database\Postgre\Connection->execute()
#3 C:\OSPanel\domains\testfregat2\system\Database\BaseConnection.php(607): CodeIgniter\Database\BaseConnection->simpleQuery()
#4 C:\OSPanel\domains\testfregat2\system\Database\BaseBuilder.php(2474): CodeIgniter\Database\BaseConnection->query()
#5 C:\OSPanel\domains\testfregat2\system\Model.php(393): CodeIgniter\Database\BaseBuilder->update()
#6 C:\OSPanel\domains\testfregat2\system\BaseModel.php(987): CodeIgniter\Model->doUpdate()
#7 C:\OSPanel\domains\testfregat2\system\Model.php(807): CodeIgniter\BaseModel->update()
#8 C:\OSPanel\domains\testfregat2\modules\Inspections\Controllers\Inspections.php(127): CodeIgniter\Model->update()
#9 C:\OSPanel\domains\testfregat2\system\CodeIgniter.php(941): Modules\Inspections\Controllers\Inspections->save_form()
#10 C:\OSPanel\domains\testfregat2\system\CodeIgniter.php(502): CodeIgniter\CodeIgniter->runController()
#11 C:\OSPanel\domains\testfregat2\system\CodeIgniter.php(361): CodeIgniter\CodeIgniter->handleRequest()
#12 C:\OSPanel\domains\testfregat2\public\index.php(79): CodeIgniter\CodeIgniter->run()
#13 {main}
CRITICAL - 2024-02-10 22:35:48 --> CodeIgniter\Database\Exceptions\DatabaseException: pg_query(): Query failed: ОШИБКА:  неверный синтаксис для типа uuid: &quot;&quot;
LINE 2: WHERE &quot;inspections&quot;.&quot;id&quot; IN ('')
                                     ^
in SYSTEMPATH\Database\BaseConnection.php on line 647.
 1 SYSTEMPATH\Database\BaseBuilder.php(2474): CodeIgniter\Database\BaseConnection->query()
 2 SYSTEMPATH\Model.php(393): CodeIgniter\Database\BaseBuilder->update()
 3 SYSTEMPATH\BaseModel.php(987): CodeIgniter\Model->doUpdate()
 4 SYSTEMPATH\Model.php(807): CodeIgniter\BaseModel->update()
 5 ROOTPATH\modules\Inspections\Controllers\Inspections.php(127): CodeIgniter\Model->update()
 6 SYSTEMPATH\CodeIgniter.php(941): Modules\Inspections\Controllers\Inspections->save_form()
 7 SYSTEMPATH\CodeIgniter.php(502): CodeIgniter\CodeIgniter->runController()
 8 SYSTEMPATH\CodeIgniter.php(361): CodeIgniter\CodeIgniter->handleRequest()
 9 FCPATH\index.php(79): CodeIgniter\CodeIgniter->run()
CRITICAL - 2024-02-10 22:35:48 --> [Caused by] CodeIgniter\Database\Exceptions\DatabaseException: pg_query(): Query failed: ОШИБКА:  неверный синтаксис для типа uuid: &quot;&quot;
LINE 2: WHERE &quot;inspections&quot;.&quot;id&quot; IN ('')
                                     ^
in SYSTEMPATH\Database\Postgre\Connection.php on line 192.
 1 SYSTEMPATH\Database\BaseConnection.php(693): CodeIgniter\Database\Postgre\Connection->execute()
 2 SYSTEMPATH\Database\BaseConnection.php(607): CodeIgniter\Database\BaseConnection->simpleQuery()
 3 SYSTEMPATH\Database\BaseBuilder.php(2474): CodeIgniter\Database\BaseConnection->query()
 4 SYSTEMPATH\Model.php(393): CodeIgniter\Database\BaseBuilder->update()
 5 SYSTEMPATH\BaseModel.php(987): CodeIgniter\Model->doUpdate()
 6 SYSTEMPATH\Model.php(807): CodeIgniter\BaseModel->update()
 7 ROOTPATH\modules\Inspections\Controllers\Inspections.php(127): CodeIgniter\Model->update()
 8 SYSTEMPATH\CodeIgniter.php(941): Modules\Inspections\Controllers\Inspections->save_form()
 9 SYSTEMPATH\CodeIgniter.php(502): CodeIgniter\CodeIgniter->runController()
10 SYSTEMPATH\CodeIgniter.php(361): CodeIgniter\CodeIgniter->handleRequest()
11 FCPATH\index.php(79): CodeIgniter\CodeIgniter->run()
CRITICAL - 2024-02-10 22:35:48 --> [Caused by] ErrorException: pg_query(): Query failed: ОШИБКА:  неверный синтаксис для типа uuid: &quot;&quot;
LINE 2: WHERE &quot;inspections&quot;.&quot;id&quot; IN ('')
                                     ^
in SYSTEMPATH\Database\Postgre\Connection.php on line 187.
 1 [internal function]: CodeIgniter\Debug\Exceptions->errorHandler()
 2 SYSTEMPATH\Database\Postgre\Connection.php(187): pg_query()
 3 SYSTEMPATH\Database\BaseConnection.php(693): CodeIgniter\Database\Postgre\Connection->execute()
 4 SYSTEMPATH\Database\BaseConnection.php(607): CodeIgniter\Database\BaseConnection->simpleQuery()
 5 SYSTEMPATH\Database\BaseBuilder.php(2474): CodeIgniter\Database\BaseConnection->query()
 6 SYSTEMPATH\Model.php(393): CodeIgniter\Database\BaseBuilder->update()
 7 SYSTEMPATH\BaseModel.php(987): CodeIgniter\Model->doUpdate()
 8 SYSTEMPATH\Model.php(807): CodeIgniter\BaseModel->update()
 9 ROOTPATH\modules\Inspections\Controllers\Inspections.php(127): CodeIgniter\Model->update()
10 SYSTEMPATH\CodeIgniter.php(941): Modules\Inspections\Controllers\Inspections->save_form()
11 SYSTEMPATH\CodeIgniter.php(502): CodeIgniter\CodeIgniter->runController()
12 SYSTEMPATH\CodeIgniter.php(361): CodeIgniter\CodeIgniter->handleRequest()
13 FCPATH\index.php(79): CodeIgniter\CodeIgniter->run()
CRITICAL - 2024-02-10 22:35:55 --> TypeError: Modules\File\Controllers\File::validateFile(): Argument #2 ($files) must be of type CodeIgniter\HTTP\IncomingRequest, array given, called in C:\OSPanel\domains\testfregat2\modules\Inspections\Controllers\Inspections.php on line 151
in ROOTPATH\modules\File\Controllers\File.php on line 16.
 1 ROOTPATH\modules\Inspections\Controllers\Inspections.php(151): Modules\File\Controllers\File->validateFile()
 2 ROOTPATH\modules\Inspections\Controllers\Inspections.php(112): Modules\Inspections\Controllers\Inspections->validate_data()
 3 SYSTEMPATH\CodeIgniter.php(941): Modules\Inspections\Controllers\Inspections->save_form()
 4 SYSTEMPATH\CodeIgniter.php(502): CodeIgniter\CodeIgniter->runController()
 5 SYSTEMPATH\CodeIgniter.php(361): CodeIgniter\CodeIgniter->handleRequest()
 6 FCPATH\index.php(79): CodeIgniter\CodeIgniter->run()
CRITICAL - 2024-02-10 22:36:48 --> TypeError: Modules\File\Controllers\File::validateFile(): Argument #2 ($files) must be of type CodeIgniter\HTTP\IncomingRequest, array given, called in C:\OSPanel\domains\testfregat2\modules\Inspections\Controllers\Inspections.php on line 151
in ROOTPATH\modules\File\Controllers\File.php on line 16.
 1 ROOTPATH\modules\Inspections\Controllers\Inspections.php(151): Modules\File\Controllers\File->validateFile()
 2 ROOTPATH\modules\Inspections\Controllers\Inspections.php(112): Modules\Inspections\Controllers\Inspections->validate_data()
 3 SYSTEMPATH\CodeIgniter.php(941): Modules\Inspections\Controllers\Inspections->save_form()
 4 SYSTEMPATH\CodeIgniter.php(502): CodeIgniter\CodeIgniter->runController()
 5 SYSTEMPATH\CodeIgniter.php(361): CodeIgniter\CodeIgniter->handleRequest()
 6 FCPATH\index.php(79): CodeIgniter\CodeIgniter->run()
CRITICAL - 2024-02-10 22:41:43 --> ParseError: syntax error, unexpected token "}"
in ROOTPATH\modules\Inspections\Controllers\Inspections.php on line 113.
 1 SYSTEMPATH\Autoloader\Autoloader.php(288): CodeIgniter\Autoloader\Autoloader->includeFile()
 2 SYSTEMPATH\Autoloader\Autoloader.php(266): CodeIgniter\Autoloader\Autoloader->loadInNamespace()
 3 [internal function]: CodeIgniter\Autoloader\Autoloader->loadClass()
 4 SYSTEMPATH\CodeIgniter.php(899): class_exists()
 5 SYSTEMPATH\CodeIgniter.php(489): CodeIgniter\CodeIgniter->startController()
 6 SYSTEMPATH\CodeIgniter.php(361): CodeIgniter\CodeIgniter->handleRequest()
 7 FCPATH\index.php(79): CodeIgniter\CodeIgniter->run()
CRITICAL - 2024-02-10 22:41:56 --> ParseError: syntax error, unexpected token "}"
in ROOTPATH\modules\Inspections\Controllers\Inspections.php on line 113.
 1 SYSTEMPATH\Autoloader\Autoloader.php(288): CodeIgniter\Autoloader\Autoloader->includeFile()
 2 SYSTEMPATH\Autoloader\Autoloader.php(266): CodeIgniter\Autoloader\Autoloader->loadInNamespace()
 3 [internal function]: CodeIgniter\Autoloader\Autoloader->loadClass()
 4 SYSTEMPATH\CodeIgniter.php(899): class_exists()
 5 SYSTEMPATH\CodeIgniter.php(489): CodeIgniter\CodeIgniter->startController()
 6 SYSTEMPATH\CodeIgniter.php(361): CodeIgniter\CodeIgniter->handleRequest()
 7 FCPATH\index.php(79): CodeIgniter\CodeIgniter->run()
CRITICAL - 2024-02-10 22:42:27 --> Error: Call to a member function hasMoved() on array
in ROOTPATH\modules\Inspections\Controllers\Inspections.php on line 111.
 1 SYSTEMPATH\CodeIgniter.php(941): Modules\Inspections\Controllers\Inspections->save_form()
 2 SYSTEMPATH\CodeIgniter.php(502): CodeIgniter\CodeIgniter->runController()
 3 SYSTEMPATH\CodeIgniter.php(361): CodeIgniter\CodeIgniter->handleRequest()
 4 FCPATH\index.php(79): CodeIgniter\CodeIgniter->run()
CRITICAL - 2024-02-10 22:44:39 --> Error: Call to a member function hasMoved() on array
in ROOTPATH\modules\Inspections\Controllers\Inspections.php on line 111.
 1 SYSTEMPATH\CodeIgniter.php(941): Modules\Inspections\Controllers\Inspections->save_form()
 2 SYSTEMPATH\CodeIgniter.php(502): CodeIgniter\CodeIgniter->runController()
 3 SYSTEMPATH\CodeIgniter.php(361): CodeIgniter\CodeIgniter->handleRequest()
 4 FCPATH\index.php(79): CodeIgniter\CodeIgniter->run()
CRITICAL - 2024-02-10 22:45:05 --> Error: Call to a member function hasMoved() on array
in ROOTPATH\modules\Inspections\Controllers\Inspections.php on line 111.
 1 SYSTEMPATH\CodeIgniter.php(941): Modules\Inspections\Controllers\Inspections->save_form()
 2 SYSTEMPATH\CodeIgniter.php(502): CodeIgniter\CodeIgniter->runController()
 3 SYSTEMPATH\CodeIgniter.php(361): CodeIgniter\CodeIgniter->handleRequest()
 4 FCPATH\index.php(79): CodeIgniter\CodeIgniter->run()
CRITICAL - 2024-02-10 22:45:13 --> Error: Call to a member function hasMoved() on array
in ROOTPATH\modules\Inspections\Controllers\Inspections.php on line 111.
 1 SYSTEMPATH\CodeIgniter.php(941): Modules\Inspections\Controllers\Inspections->save_form()
 2 SYSTEMPATH\CodeIgniter.php(502): CodeIgniter\CodeIgniter->runController()
 3 SYSTEMPATH\CodeIgniter.php(361): CodeIgniter\CodeIgniter->handleRequest()
 4 FCPATH\index.php(79): CodeIgniter\CodeIgniter->run()
CRITICAL - 2024-02-10 22:47:33 --> Error: Call to a member function hasMoved() on array
in ROOTPATH\modules\Inspections\Controllers\Inspections.php on line 111.
 1 SYSTEMPATH\CodeIgniter.php(941): Modules\Inspections\Controllers\Inspections->save_form()
 2 SYSTEMPATH\CodeIgniter.php(502): CodeIgniter\CodeIgniter->runController()
 3 SYSTEMPATH\CodeIgniter.php(361): CodeIgniter\CodeIgniter->handleRequest()
 4 FCPATH\index.php(79): CodeIgniter\CodeIgniter->run()
CRITICAL - 2024-02-10 22:48:41 --> Error: Call to a member function hasMoved() on array
in ROOTPATH\modules\Inspections\Controllers\Inspections.php on line 111.
 1 SYSTEMPATH\CodeIgniter.php(941): Modules\Inspections\Controllers\Inspections->save_form()
 2 SYSTEMPATH\CodeIgniter.php(502): CodeIgniter\CodeIgniter->runController()
 3 SYSTEMPATH\CodeIgniter.php(361): CodeIgniter\CodeIgniter->handleRequest()
 4 FCPATH\index.php(79): CodeIgniter\CodeIgniter->run()
ERROR - 2024-02-10 22:48:48 --> ErrorException: pg_query(): Query failed: ОШИБКА:  неверный синтаксис для типа uuid: &quot;&quot;
LINE 2: WHERE &quot;inspections&quot;.&quot;id&quot; IN ('')
                                     ^ in C:\OSPanel\domains\testfregat2\system\Database\Postgre\Connection.php:187
Stack trace:
#0 [internal function]: CodeIgniter\Debug\Exceptions->errorHandler()
#1 C:\OSPanel\domains\testfregat2\system\Database\Postgre\Connection.php(187): pg_query()
#2 C:\OSPanel\domains\testfregat2\system\Database\BaseConnection.php(693): CodeIgniter\Database\Postgre\Connection->execute()
#3 C:\OSPanel\domains\testfregat2\system\Database\BaseConnection.php(607): CodeIgniter\Database\BaseConnection->simpleQuery()
#4 C:\OSPanel\domains\testfregat2\system\Database\BaseBuilder.php(2474): CodeIgniter\Database\BaseConnection->query()
#5 C:\OSPanel\domains\testfregat2\system\Model.php(393): CodeIgniter\Database\BaseBuilder->update()
#6 C:\OSPanel\domains\testfregat2\system\BaseModel.php(987): CodeIgniter\Model->doUpdate()
#7 C:\OSPanel\domains\testfregat2\system\Model.php(807): CodeIgniter\BaseModel->update()
#8 C:\OSPanel\domains\testfregat2\modules\Inspections\Controllers\Inspections.php(129): CodeIgniter\Model->update()
#9 C:\OSPanel\domains\testfregat2\system\CodeIgniter.php(941): Modules\Inspections\Controllers\Inspections->save_form()
#10 C:\OSPanel\domains\testfregat2\system\CodeIgniter.php(502): CodeIgniter\CodeIgniter->runController()
#11 C:\OSPanel\domains\testfregat2\system\CodeIgniter.php(361): CodeIgniter\CodeIgniter->handleRequest()
#12 C:\OSPanel\domains\testfregat2\public\index.php(79): CodeIgniter\CodeIgniter->run()
#13 {main}
CRITICAL - 2024-02-10 22:48:48 --> CodeIgniter\Database\Exceptions\DatabaseException: pg_query(): Query failed: ОШИБКА:  неверный синтаксис для типа uuid: &quot;&quot;
LINE 2: WHERE &quot;inspections&quot;.&quot;id&quot; IN ('')
                                     ^
in SYSTEMPATH\Database\BaseConnection.php on line 647.
 1 SYSTEMPATH\Database\BaseBuilder.php(2474): CodeIgniter\Database\BaseConnection->query()
 2 SYSTEMPATH\Model.php(393): CodeIgniter\Database\BaseBuilder->update()
 3 SYSTEMPATH\BaseModel.php(987): CodeIgniter\Model->doUpdate()
 4 SYSTEMPATH\Model.php(807): CodeIgniter\BaseModel->update()
 5 ROOTPATH\modules\Inspections\Controllers\Inspections.php(129): CodeIgniter\Model->update()
 6 SYSTEMPATH\CodeIgniter.php(941): Modules\Inspections\Controllers\Inspections->save_form()
 7 SYSTEMPATH\CodeIgniter.php(502): CodeIgniter\CodeIgniter->runController()
 8 SYSTEMPATH\CodeIgniter.php(361): CodeIgniter\CodeIgniter->handleRequest()
 9 FCPATH\index.php(79): CodeIgniter\CodeIgniter->run()
CRITICAL - 2024-02-10 22:48:48 --> [Caused by] CodeIgniter\Database\Exceptions\DatabaseException: pg_query(): Query failed: ОШИБКА:  неверный синтаксис для типа uuid: &quot;&quot;
LINE 2: WHERE &quot;inspections&quot;.&quot;id&quot; IN ('')
                                     ^
in SYSTEMPATH\Database\Postgre\Connection.php on line 192.
 1 SYSTEMPATH\Database\BaseConnection.php(693): CodeIgniter\Database\Postgre\Connection->execute()
 2 SYSTEMPATH\Database\BaseConnection.php(607): CodeIgniter\Database\BaseConnection->simpleQuery()
 3 SYSTEMPATH\Database\BaseBuilder.php(2474): CodeIgniter\Database\BaseConnection->query()
 4 SYSTEMPATH\Model.php(393): CodeIgniter\Database\BaseBuilder->update()
 5 SYSTEMPATH\BaseModel.php(987): CodeIgniter\Model->doUpdate()
 6 SYSTEMPATH\Model.php(807): CodeIgniter\BaseModel->update()
 7 ROOTPATH\modules\Inspections\Controllers\Inspections.php(129): CodeIgniter\Model->update()
 8 SYSTEMPATH\CodeIgniter.php(941): Modules\Inspections\Controllers\Inspections->save_form()
 9 SYSTEMPATH\CodeIgniter.php(502): CodeIgniter\CodeIgniter->runController()
10 SYSTEMPATH\CodeIgniter.php(361): CodeIgniter\CodeIgniter->handleRequest()
11 FCPATH\index.php(79): CodeIgniter\CodeIgniter->run()
CRITICAL - 2024-02-10 22:48:48 --> [Caused by] ErrorException: pg_query(): Query failed: ОШИБКА:  неверный синтаксис для типа uuid: &quot;&quot;
LINE 2: WHERE &quot;inspections&quot;.&quot;id&quot; IN ('')
                                     ^
in SYSTEMPATH\Database\Postgre\Connection.php on line 187.
 1 [internal function]: CodeIgniter\Debug\Exceptions->errorHandler()
 2 SYSTEMPATH\Database\Postgre\Connection.php(187): pg_query()
 3 SYSTEMPATH\Database\BaseConnection.php(693): CodeIgniter\Database\Postgre\Connection->execute()
 4 SYSTEMPATH\Database\BaseConnection.php(607): CodeIgniter\Database\BaseConnection->simpleQuery()
 5 SYSTEMPATH\Database\BaseBuilder.php(2474): CodeIgniter\Database\BaseConnection->query()
 6 SYSTEMPATH\Model.php(393): CodeIgniter\Database\BaseBuilder->update()
 7 SYSTEMPATH\BaseModel.php(987): CodeIgniter\Model->doUpdate()
 8 SYSTEMPATH\Model.php(807): CodeIgniter\BaseModel->update()
 9 ROOTPATH\modules\Inspections\Controllers\Inspections.php(129): CodeIgniter\Model->update()
10 SYSTEMPATH\CodeIgniter.php(941): Modules\Inspections\Controllers\Inspections->save_form()
11 SYSTEMPATH\CodeIgniter.php(502): CodeIgniter\CodeIgniter->runController()
12 SYSTEMPATH\CodeIgniter.php(361): CodeIgniter\CodeIgniter->handleRequest()
13 FCPATH\index.php(79): CodeIgniter\CodeIgniter->run()
ERROR - 2024-02-10 22:49:49 --> ErrorException: pg_query(): Query failed: ОШИБКА:  неверный синтаксис для типа uuid: &quot;&quot;
LINE 2: WHERE &quot;inspections&quot;.&quot;id&quot; IN ('')
                                     ^ in C:\OSPanel\domains\testfregat2\system\Database\Postgre\Connection.php:187
Stack trace:
#0 [internal function]: CodeIgniter\Debug\Exceptions->errorHandler()
#1 C:\OSPanel\domains\testfregat2\system\Database\Postgre\Connection.php(187): pg_query()
#2 C:\OSPanel\domains\testfregat2\system\Database\BaseConnection.php(693): CodeIgniter\Database\Postgre\Connection->execute()
#3 C:\OSPanel\domains\testfregat2\system\Database\BaseConnection.php(607): CodeIgniter\Database\BaseConnection->simpleQuery()
#4 C:\OSPanel\domains\testfregat2\system\Database\BaseBuilder.php(2474): CodeIgniter\Database\BaseConnection->query()
#5 C:\OSPanel\domains\testfregat2\system\Model.php(393): CodeIgniter\Database\BaseBuilder->update()
#6 C:\OSPanel\domains\testfregat2\system\BaseModel.php(987): CodeIgniter\Model->doUpdate()
#7 C:\OSPanel\domains\testfregat2\system\Model.php(807): CodeIgniter\BaseModel->update()
#8 C:\OSPanel\domains\testfregat2\modules\Inspections\Controllers\Inspections.php(129): CodeIgniter\Model->update()
#9 C:\OSPanel\domains\testfregat2\system\CodeIgniter.php(941): Modules\Inspections\Controllers\Inspections->save_form()
#10 C:\OSPanel\domains\testfregat2\system\CodeIgniter.php(502): CodeIgniter\CodeIgniter->runController()
#11 C:\OSPanel\domains\testfregat2\system\CodeIgniter.php(361): CodeIgniter\CodeIgniter->handleRequest()
#12 C:\OSPanel\domains\testfregat2\public\index.php(79): CodeIgniter\CodeIgniter->run()
#13 {main}
CRITICAL - 2024-02-10 22:49:49 --> CodeIgniter\Database\Exceptions\DatabaseException: pg_query(): Query failed: ОШИБКА:  неверный синтаксис для типа uuid: &quot;&quot;
LINE 2: WHERE &quot;inspections&quot;.&quot;id&quot; IN ('')
                                     ^
in SYSTEMPATH\Database\BaseConnection.php on line 647.
 1 SYSTEMPATH\Database\BaseBuilder.php(2474): CodeIgniter\Database\BaseConnection->query()
 2 SYSTEMPATH\Model.php(393): CodeIgniter\Database\BaseBuilder->update()
 3 SYSTEMPATH\BaseModel.php(987): CodeIgniter\Model->doUpdate()
 4 SYSTEMPATH\Model.php(807): CodeIgniter\BaseModel->update()
 5 ROOTPATH\modules\Inspections\Controllers\Inspections.php(129): CodeIgniter\Model->update()
 6 SYSTEMPATH\CodeIgniter.php(941): Modules\Inspections\Controllers\Inspections->save_form()
 7 SYSTEMPATH\CodeIgniter.php(502): CodeIgniter\CodeIgniter->runController()
 8 SYSTEMPATH\CodeIgniter.php(361): CodeIgniter\CodeIgniter->handleRequest()
 9 FCPATH\index.php(79): CodeIgniter\CodeIgniter->run()
CRITICAL - 2024-02-10 22:49:49 --> [Caused by] CodeIgniter\Database\Exceptions\DatabaseException: pg_query(): Query failed: ОШИБКА:  неверный синтаксис для типа uuid: &quot;&quot;
LINE 2: WHERE &quot;inspections&quot;.&quot;id&quot; IN ('')
                                     ^
in SYSTEMPATH\Database\Postgre\Connection.php on line 192.
 1 SYSTEMPATH\Database\BaseConnection.php(693): CodeIgniter\Database\Postgre\Connection->execute()
 2 SYSTEMPATH\Database\BaseConnection.php(607): CodeIgniter\Database\BaseConnection->simpleQuery()
 3 SYSTEMPATH\Database\BaseBuilder.php(2474): CodeIgniter\Database\BaseConnection->query()
 4 SYSTEMPATH\Model.php(393): CodeIgniter\Database\BaseBuilder->update()
 5 SYSTEMPATH\BaseModel.php(987): CodeIgniter\Model->doUpdate()
 6 SYSTEMPATH\Model.php(807): CodeIgniter\BaseModel->update()
 7 ROOTPATH\modules\Inspections\Controllers\Inspections.php(129): CodeIgniter\Model->update()
 8 SYSTEMPATH\CodeIgniter.php(941): Modules\Inspections\Controllers\Inspections->save_form()
 9 SYSTEMPATH\CodeIgniter.php(502): CodeIgniter\CodeIgniter->runController()
10 SYSTEMPATH\CodeIgniter.php(361): CodeIgniter\CodeIgniter->handleRequest()
11 FCPATH\index.php(79): CodeIgniter\CodeIgniter->run()
CRITICAL - 2024-02-10 22:49:49 --> [Caused by] ErrorException: pg_query(): Query failed: ОШИБКА:  неверный синтаксис для типа uuid: &quot;&quot;
LINE 2: WHERE &quot;inspections&quot;.&quot;id&quot; IN ('')
                                     ^
in SYSTEMPATH\Database\Postgre\Connection.php on line 187.
 1 [internal function]: CodeIgniter\Debug\Exceptions->errorHandler()
 2 SYSTEMPATH\Database\Postgre\Connection.php(187): pg_query()
 3 SYSTEMPATH\Database\BaseConnection.php(693): CodeIgniter\Database\Postgre\Connection->execute()
 4 SYSTEMPATH\Database\BaseConnection.php(607): CodeIgniter\Database\BaseConnection->simpleQuery()
 5 SYSTEMPATH\Database\BaseBuilder.php(2474): CodeIgniter\Database\BaseConnection->query()
 6 SYSTEMPATH\Model.php(393): CodeIgniter\Database\BaseBuilder->update()
 7 SYSTEMPATH\BaseModel.php(987): CodeIgniter\Model->doUpdate()
 8 SYSTEMPATH\Model.php(807): CodeIgniter\BaseModel->update()
 9 ROOTPATH\modules\Inspections\Controllers\Inspections.php(129): CodeIgniter\Model->update()
10 SYSTEMPATH\CodeIgniter.php(941): Modules\Inspections\Controllers\Inspections->save_form()
11 SYSTEMPATH\CodeIgniter.php(502): CodeIgniter\CodeIgniter->runController()
12 SYSTEMPATH\CodeIgniter.php(361): CodeIgniter\CodeIgniter->handleRequest()
13 FCPATH\index.php(79): CodeIgniter\CodeIgniter->run()
CRITICAL - 2024-02-10 22:49:52 --> ParseError: Unclosed '{' on line 107 does not match ')'
in ROOTPATH\modules\Inspections\Controllers\Inspections.php on line 125.
 1 SYSTEMPATH\Autoloader\Autoloader.php(288): CodeIgniter\Autoloader\Autoloader->includeFile()
 2 SYSTEMPATH\Autoloader\Autoloader.php(266): CodeIgniter\Autoloader\Autoloader->loadInNamespace()
 3 [internal function]: CodeIgniter\Autoloader\Autoloader->loadClass()
 4 SYSTEMPATH\CodeIgniter.php(899): class_exists()
 5 SYSTEMPATH\CodeIgniter.php(489): CodeIgniter\CodeIgniter->startController()
 6 SYSTEMPATH\CodeIgniter.php(361): CodeIgniter\CodeIgniter->handleRequest()
 7 FCPATH\index.php(79): CodeIgniter\CodeIgniter->run()
CRITICAL - 2024-02-10 22:49:57 --> ParseError: Unclosed '{' on line 107 does not match ')'
in ROOTPATH\modules\Inspections\Controllers\Inspections.php on line 125.
 1 SYSTEMPATH\Autoloader\Autoloader.php(288): CodeIgniter\Autoloader\Autoloader->includeFile()
 2 SYSTEMPATH\Autoloader\Autoloader.php(266): CodeIgniter\Autoloader\Autoloader->loadInNamespace()
 3 [internal function]: CodeIgniter\Autoloader\Autoloader->loadClass()
 4 SYSTEMPATH\CodeIgniter.php(899): class_exists()
 5 SYSTEMPATH\CodeIgniter.php(489): CodeIgniter\CodeIgniter->startController()
 6 SYSTEMPATH\CodeIgniter.php(361): CodeIgniter\CodeIgniter->handleRequest()
 7 FCPATH\index.php(79): CodeIgniter\CodeIgniter->run()
CRITICAL - 2024-02-10 23:03:25 --> BadMethodCallException: Call to undefined method Modules\Inspections\Models\M_inspections::get_edit
in SYSTEMPATH\Model.php on line 874.
 1 ROOTPATH\modules\Inspections\Controllers\Inspections.php(87): CodeIgniter\Model->__call()
 2 SYSTEMPATH\CodeIgniter.php(941): Modules\Inspections\Controllers\Inspections->edit()
 3 SYSTEMPATH\CodeIgniter.php(502): CodeIgniter\CodeIgniter->runController()
 4 SYSTEMPATH\CodeIgniter.php(361): CodeIgniter\CodeIgniter->handleRequest()
 5 FCPATH\index.php(79): CodeIgniter\CodeIgniter->run()
